<?xml version="1.0" encoding="UTF-8"?>
<!-- Generated by org.testng.reporters.JUnitXMLReporter -->
<testsuite hostname="WIN-81NG0PGA72A" ignored="0" name="Test" tests="6" failures="6" timestamp="09 Nov 2018 10:39:33 GMT" time="707.211" errors="0">
  <testcase name="PDP_AddAlsoViewedProduct_005" time="72.652" classname="Testcases.PDPScripts">
    <failure type="java.lang.AssertionError">
      <![CDATA[java.lang.AssertionError: 
at Reusables.HomepageActions.CategoryMenuSelection(HomepageActions.java:151)
at Testcases.PDPScripts.PDP_AddAlsoViewedProduct_005(PDPScripts.java:60)
... Removed 28 stack frames]]>
    </failure>
  </testcase> <!-- PDP_AddAlsoViewedProduct_005 -->
  <testcase name="PDP_AddAlsoViewedProduct_Reg_006" time="95.672" classname="Testcases.PDPScripts">
    <failure type="java.lang.AssertionError">
      <![CDATA[java.lang.AssertionError: 
at Reusables.HomepageActions.CategoryMenuSelection(HomepageActions.java:151)
at Testcases.PDPScripts.PDP_AddAlsoViewedProduct_Reg_006(PDPScripts.java:71)
... Removed 28 stack frames]]>
    </failure>
  </testcase> <!-- PDP_AddAlsoViewedProduct_Reg_006 -->
  <testcase name="PDP_AddRecommendations_003" time="61.043" classname="Testcases.PDPScripts">
    <failure type="java.lang.AssertionError">
      <![CDATA[java.lang.AssertionError: 
at Reusables.HomepageActions.CategoryMenuSelection(HomepageActions.java:131)
at Testcases.PDPScripts.PDP_AddRecommendations_003(PDPScripts.java:40)
... Removed 28 stack frames]]>
    </failure>
  </testcase> <!-- PDP_AddRecommendations_003 -->
  <testcase name="PDP_AddRecommendations_Reg_004" time="95.285" classname="Testcases.PDPScripts">
    <failure type="java.lang.AssertionError">
      <![CDATA[java.lang.AssertionError: 
at Reusables.HomepageActions.CategoryMenuSelection(HomepageActions.java:151)
at Testcases.PDPScripts.PDP_AddRecommendations_Reg_004(PDPScripts.java:51)
... Removed 28 stack frames]]>
    </failure>
  </testcase> <!-- PDP_AddRecommendations_Reg_004 -->
  <testcase name="PDP_FieldValidations_001" time="34.71" classname="Testcases.PDPScripts">
    <failure type="org.openqa.selenium.NoSuchElementException" message="no such element: Unable to locate element: {&amp;quot;method&amp;quot;:&amp;quot;xpath&amp;quot;,&amp;quot;selector&amp;quot;:&amp;quot;(.//*[@class=&amp;apos;content carousel product_listing_container&amp;apos;]//b)[14]&amp;quot;}
  (Session info: chrome=69.0.3497.100)
  (Driver info: chromedriver=2.42.591088 (7b2b2dca23cca0862f674758c9a3933e685c27d5),platform=Windows NT 6.1.7601 SP1 x86_64) (WARNING: The server did not provide any stacktrace information)
Command duration or timeout: 21 milliseconds
For documentation on this error, please visit: http://seleniumhq.org/exceptions/no_such_element.html
Build info: version: &amp;apos;2.53.1&amp;apos;, revision: &amp;apos;a36b8b1cd5757287168e54b817830adce9b0158d&amp;apos;, time: &amp;apos;2016-06-30 19:26:09&amp;apos;
System info: host: &amp;apos;WIN-81NG0PGA72A&amp;apos;, ip: &amp;apos;172.17.1.36&amp;apos;, os.name: &amp;apos;Windows 7&amp;apos;, os.arch: &amp;apos;amd64&amp;apos;, os.version: &amp;apos;6.1&amp;apos;, java.version: &amp;apos;1.8.0_181&amp;apos;
Driver info: org.openqa.selenium.remote.RemoteWebDriver
Capabilities [{mobileEmulationEnabled=false, hasTouchScreen=false, platform=XP, acceptSslCerts=false, goog:chromeOptions={debuggerAddress=localhost:61051}, acceptInsecureCerts=false, webStorageEnabled=true, browserName=chrome, takesScreenshot=true, javascriptEnabled=true, setWindowRect=true, unexpectedAlertBehaviour=, applicationCacheEnabled=false, rotatable=false, networkConnectionEnabled=false, chrome={chromedriverVersion=2.42.591088 (7b2b2dca23cca0862f674758c9a3933e685c27d5), userDataDir=C:\Users\P01242\AppData\Local\Temp\scoped_dir4824_5885}, takesHeapSnapshot=true, pageLoadStrategy=normal, databaseEnabled=false, handlesAlerts=true, version=69.0.3497.100, browserConnectionEnabled=false, nativeEvents=true, webdriver.remote.sessionid=9059f96d16d24fe316607cab87c68406, locationContextEnabled=true, cssSelectorsEnabled=true}]
Session ID: 9059f96d16d24fe316607cab87c68406
*** Element info: {Using=xpath, value=(.//*[@class=&amp;apos;content carousel product_listing_container&amp;apos;]//b)[14]}">
      <![CDATA[org.openqa.selenium.NoSuchElementException: no such element: Unable to locate element: {"method":"xpath","selector":"(.//*[@class='content carousel product_listing_container']//b)[14]"}
  (Session info: chrome=69.0.3497.100)
  (Driver info: chromedriver=2.42.591088 (7b2b2dca23cca0862f674758c9a3933e685c27d5),platform=Windows NT 6.1.7601 SP1 x86_64) (WARNING: The server did not provide any stacktrace information)
Command duration or timeout: 21 milliseconds
For documentation on this error, please visit: http://seleniumhq.org/exceptions/no_such_element.html
Build info: version: '2.53.1', revision: 'a36b8b1cd5757287168e54b817830adce9b0158d', time: '2016-06-30 19:26:09'
System info: host: 'WIN-81NG0PGA72A', ip: '172.17.1.36', os.name: 'Windows 7', os.arch: 'amd64', os.version: '6.1', java.version: '1.8.0_181'
Driver info: org.openqa.selenium.remote.RemoteWebDriver
Capabilities [{mobileEmulationEnabled=false, hasTouchScreen=false, platform=XP, acceptSslCerts=false, goog:chromeOptions={debuggerAddress=localhost:61051}, acceptInsecureCerts=false, webStorageEnabled=true, browserName=chrome, takesScreenshot=true, javascriptEnabled=true, setWindowRect=true, unexpectedAlertBehaviour=, applicationCacheEnabled=false, rotatable=false, networkConnectionEnabled=false, chrome={chromedriverVersion=2.42.591088 (7b2b2dca23cca0862f674758c9a3933e685c27d5), userDataDir=C:\Users\P01242\AppData\Local\Temp\scoped_dir4824_5885}, takesHeapSnapshot=true, pageLoadStrategy=normal, databaseEnabled=false, handlesAlerts=true, version=69.0.3497.100, browserConnectionEnabled=false, nativeEvents=true, webdriver.remote.sessionid=9059f96d16d24fe316607cab87c68406, locationContextEnabled=true, cssSelectorsEnabled=true}]
Session ID: 9059f96d16d24fe316607cab87c68406
*** Element info: {Using=xpath, value=(.//*[@class='content carousel product_listing_container']//b)[14]}
at org.openqa.selenium.remote.ErrorHandler.createThrowable(ErrorHandler.java:206)
at org.openqa.selenium.remote.ErrorHandler.throwIfResponseFailed(ErrorHandler.java:158)
at org.openqa.selenium.remote.RemoteWebDriver.execute(RemoteWebDriver.java:678)
at org.openqa.selenium.remote.RemoteWebDriver.findElement(RemoteWebDriver.java:363)
at org.openqa.selenium.remote.RemoteWebDriver.findElementByXPath(RemoteWebDriver.java:500)
at org.openqa.selenium.By$ByXPath.findElement(By.java:361)
at org.openqa.selenium.remote.RemoteWebDriver.findElement(RemoteWebDriver.java:355)
at pageObjectsRepo.HomepageRepo.Categorypage_SubRandomCategory(HomepageRepo.java:133)
at Reusables.HomepageActions.CategoryMenuSelection(HomepageActions.java:125)
at Testcases.PDPScripts.PDP_FieldValidations_001(PDPScripts.java:16)
... Removed 29 stack frames]]>
    </failure>
  </testcase> <!-- PDP_FieldValidations_001 -->
  <testcase name="PDP_FieldValidations_Reg_002" time="76.609" classname="Testcases.PDPScripts">
    <failure type="org.openqa.selenium.NoSuchElementException" message="no such element: Unable to locate element: {&amp;quot;method&amp;quot;:&amp;quot;xpath&amp;quot;,&amp;quot;selector&amp;quot;:&amp;quot;(.//*[@class=&amp;apos;product_group_name product_info&amp;apos;])[0]&amp;quot;}
  (Session info: chrome=69.0.3497.100)
  (Driver info: chromedriver=2.42.591088 (7b2b2dca23cca0862f674758c9a3933e685c27d5),platform=Windows NT 6.1.7601 SP1 x86_64) (WARNING: The server did not provide any stacktrace information)
Command duration or timeout: 22 milliseconds
For documentation on this error, please visit: http://seleniumhq.org/exceptions/no_such_element.html
Build info: version: &amp;apos;2.53.1&amp;apos;, revision: &amp;apos;a36b8b1cd5757287168e54b817830adce9b0158d&amp;apos;, time: &amp;apos;2016-06-30 19:26:09&amp;apos;
System info: host: &amp;apos;WIN-81NG0PGA72A&amp;apos;, ip: &amp;apos;172.17.1.36&amp;apos;, os.name: &amp;apos;Windows 7&amp;apos;, os.arch: &amp;apos;amd64&amp;apos;, os.version: &amp;apos;6.1&amp;apos;, java.version: &amp;apos;1.8.0_181&amp;apos;
Driver info: org.openqa.selenium.remote.RemoteWebDriver
Capabilities [{mobileEmulationEnabled=false, hasTouchScreen=false, platform=XP, acceptSslCerts=false, goog:chromeOptions={debuggerAddress=localhost:61274}, acceptInsecureCerts=false, webStorageEnabled=true, browserName=chrome, takesScreenshot=true, javascriptEnabled=true, setWindowRect=true, unexpectedAlertBehaviour=, applicationCacheEnabled=false, rotatable=false, networkConnectionEnabled=false, chrome={chromedriverVersion=2.42.591088 (7b2b2dca23cca0862f674758c9a3933e685c27d5), userDataDir=C:\Users\P01242\AppData\Local\Temp\scoped_dir5668_15067}, takesHeapSnapshot=true, pageLoadStrategy=normal, databaseEnabled=false, handlesAlerts=true, version=69.0.3497.100, browserConnectionEnabled=false, nativeEvents=true, webdriver.remote.sessionid=18e58c12e7828e54f558ba1b82f19697, locationContextEnabled=true, cssSelectorsEnabled=true}]
Session ID: 18e58c12e7828e54f558ba1b82f19697
*** Element info: {Using=xpath, value=(.//*[@class=&amp;apos;product_group_name product_info&amp;apos;])[0]}">
      <![CDATA[org.openqa.selenium.NoSuchElementException: no such element: Unable to locate element: {"method":"xpath","selector":"(.//*[@class='product_group_name product_info'])[0]"}
  (Session info: chrome=69.0.3497.100)
  (Driver info: chromedriver=2.42.591088 (7b2b2dca23cca0862f674758c9a3933e685c27d5),platform=Windows NT 6.1.7601 SP1 x86_64) (WARNING: The server did not provide any stacktrace information)
Command duration or timeout: 22 milliseconds
For documentation on this error, please visit: http://seleniumhq.org/exceptions/no_such_element.html
Build info: version: '2.53.1', revision: 'a36b8b1cd5757287168e54b817830adce9b0158d', time: '2016-06-30 19:26:09'
System info: host: 'WIN-81NG0PGA72A', ip: '172.17.1.36', os.name: 'Windows 7', os.arch: 'amd64', os.version: '6.1', java.version: '1.8.0_181'
Driver info: org.openqa.selenium.remote.RemoteWebDriver
Capabilities [{mobileEmulationEnabled=false, hasTouchScreen=false, platform=XP, acceptSslCerts=false, goog:chromeOptions={debuggerAddress=localhost:61274}, acceptInsecureCerts=false, webStorageEnabled=true, browserName=chrome, takesScreenshot=true, javascriptEnabled=true, setWindowRect=true, unexpectedAlertBehaviour=, applicationCacheEnabled=false, rotatable=false, networkConnectionEnabled=false, chrome={chromedriverVersion=2.42.591088 (7b2b2dca23cca0862f674758c9a3933e685c27d5), userDataDir=C:\Users\P01242\AppData\Local\Temp\scoped_dir5668_15067}, takesHeapSnapshot=true, pageLoadStrategy=normal, databaseEnabled=false, handlesAlerts=true, version=69.0.3497.100, browserConnectionEnabled=false, nativeEvents=true, webdriver.remote.sessionid=18e58c12e7828e54f558ba1b82f19697, locationContextEnabled=true, cssSelectorsEnabled=true}]
Session ID: 18e58c12e7828e54f558ba1b82f19697
*** Element info: {Using=xpath, value=(.//*[@class='product_group_name product_info'])[0]}
at org.openqa.selenium.remote.ErrorHandler.createThrowable(ErrorHandler.java:206)
at org.openqa.selenium.remote.ErrorHandler.throwIfResponseFailed(ErrorHandler.java:158)
at org.openqa.selenium.remote.RemoteWebDriver.execute(RemoteWebDriver.java:678)
at org.openqa.selenium.remote.RemoteWebDriver.findElement(RemoteWebDriver.java:363)
at org.openqa.selenium.remote.RemoteWebDriver.findElementByXPath(RemoteWebDriver.java:500)
at org.openqa.selenium.By$ByXPath.findElement(By.java:361)
at org.openqa.selenium.remote.RemoteWebDriver.findElement(RemoteWebDriver.java:355)
at pageObjectsRepo.HomepageRepo.SubCategorypage_RandomCategory(HomepageRepo.java:139)
at Reusables.HomepageActions.CategoryMenuSelection(HomepageActions.java:137)
at Testcases.PDPScripts.PDP_FieldValidations_Reg_002(PDPScripts.java:30)
... Removed 29 stack frames]]>
    </failure>
  </testcase> <!-- PDP_FieldValidations_Reg_002 -->
</testsuite> <!-- Test -->
