
<!DOCTYPE html>
<html>


<head>
	<meta charset='utf-8' /> 
	<meta name='description' content='' />
	<meta name='robots' content='noodp, noydir' />
	<meta name='viewport' content='width=device-width, initial-scale=1' />
	<meta id="timeStampFormat" name="timeStampFormat" content='MMM d, yyyy hh:mm:ss a'/>
	
	<link href='https://fonts.googleapis.com/css?family=Source+Sans+Pro:400,600' rel='stylesheet' type='text/css' />
	<link href="https://fonts.googleapis.com/icon?family=Material+Icons" rel="stylesheet" />

		<link href='https://cdn.rawgit.com/anshooarora/extentreports-java/b4a58fcfd1e137bd9287244035a7c80d3d73b3af/dist/css/extent.css' type='text/css' rel='stylesheet' />
	
	<title>C:\ACME_Eclipse\ACME_2\TestReport\ExtentReports08_11_18_12_48_57.html</title>

	<style type='text/css'>
	</style>
</head>

	<body class='extent standard default hide-overflow '>
		<div id='theme-selector' alt='Click to toggle theme. To enable by default, use theme configuration.' title='Click to toggle theme. To enable by default, use theme configuration.'>
			<span><i class='material-icons'>desktop_windows</i></span>
		</div>

<nav>
	<div class="nav-wrapper">
		<a href="#!" class="brand-logo blue darken-3">Extent</a>

		<!-- slideout menu -->
		<ul id='slide-out' class='side-nav fixed hide-on-med-and-down'>
			<li class='waves-effect active'><a href='#!' view='test-view' onclick="configureView(0);chartsView('test');"><i class='material-icons'>dashboard</i></a></li>
						<li class='waves-effect'><a href='#!' view='exception-view' onclick="configureView(2)"><i class='material-icons'>bug_report</i></a></li>
			<li class='waves-effect'><a href='#!' onclick="configureView(-1);chartsView('dashboard');" view='dashboard-view'><i class='material-icons'>track_changes</i></i></a></li>
		</ul>

		<!-- report name -->
		<span class='report-name'>C:\ACME_Eclipse\ACME_2\TestReport\ExtentReports08_11_18_12_48_57.html</span>
		
		<!-- report headline -->
		<span class='report-headline'></span>

		<!-- nav-right -->
		<ul id='nav-mobile' class='right hide-on-med-and-down nav-right'>
			<li>
                <a href='#!'>
                    <span class='label suite-start-time blue darken-3'>Nov 8, 2018 12:48:57 PM</span>
				</a>
			</li>
			<li>
                <a href='#!'>
                    <span class='label blue darken-3'>3.1.5</span>
				</a>
			</li>
		</ul>
	</div>
</nav>

		<!-- container -->
		<div class='container'>

<div id='test-view' class='view'>
				
	<section id='controls'>
		<div class='controls grey lighten-4'>
			<!-- test toggle -->
			<div class='chip transparent'>
				<a class='dropdown-button tests-toggle' data-activates='tests-toggle' data-constrainwidth='true' data-beloworigin='true' data-hover='true' href='#'>
					<i class='material-icons'>warning</i> Status
				</a>
				<ul id='tests-toggle' class='dropdown-content'>
											<li status='pass'><a href='#!'>Pass <i class='material-icons green-text'>check_circle</i></a></li>
						<li status='fail'><a href='#!'>Fail <i class='material-icons red-text'>cancel</i></a></li>
					<li class='divider'></li>
					<li status='clear' clear='true'><a href='#!'>Clear Filters <i class='material-icons'>clear</i></a></li>
				</ul>
			</div>
			<!-- test toggle -->

			<!-- category toggle -->
			<!-- category toggle -->

			<!-- clear filters -->
			<div class='chip transparent hide'>
				<a class='' id='clear-filters' alt='Clear Filters' title='Clear Filters'>
					<i class='material-icons'>close</i> Clear
				</a>
			</div>
			<!-- clear filters -->

			<!-- enable dashboard -->
			<div id='toggle-test-view-charts' class='chip transparent'>
				<a class='pink-text' id='enable-dashboard' alt='Enable Dashboard' title='Enable Dashboard'>
					<i class='material-icons'>track_changes</i> Dashboard
				</a>
			</div>
			<!-- enable dashboard -->

			<!-- search -->
			<div class='chip transparent' alt='Search Tests' title='Search Tests'>
				<a href="#" class='search-div'>
					<i class='material-icons'>search</i> Search
				</a>

				<div class='input-field left hide'>
					<input id='search-tests' type='text' class='validate browser-default' placeholder='Search Tests...'>
				</div>
				
			</div>
			<!-- search -->
		</div>
	</section>


	<div class='subview-left left'>
		
		<div class='view-summary'>
			<h5>Tests</h5>
			<ul id='test-collection' class='test-collection'>
				
				
				<li class='test displayed active  pass' status='pass' bdd='false' test-id='1'>
					<div class='test-heading'>
						<span class='test-name'>MyAccount_Summary_002</span>
						<span class='test-time'>Nov 8, 2018 12:50:18 PM</span>
						<span class='test-status right pass'>pass</span>
					</div>
					<div class='test-content hide'>
<div class='test-time-info'>
	<span class='label start-time'>Nov 8, 2018 12:50:18 PM</span>
	<span class='label end-time'>Nov 8, 2018 12:51:47 PM</span>
	<span class='label time-taken grey lighten-1 white-text'>0h 1m 29s+420ms</span>
</div>
	<div class='test-desc'>To verify the Edit link working in the My Account Summary Page </div>
	<div class='test-steps'>
		<table class='bordered table-results'>
			<thead>
				<tr>
					<th>Status</th>
					<th>Timestamp</th>
					<th>Details</th>
				</tr>
			</thead>
			<tbody>
				<tr class='log' status='pass'>
					<td class='status pass' title='pass' alt='pass'><i class='material-icons'>check_circle</i></td>
					<td class='timestamp'>12:50:33 PM</td>
					<td class='step-details'>SignInRegister_Link clicked</td>
				</tr>
				<tr class='log' status='pass'>
					<td class='status pass' title='pass' alt='pass'><i class='material-icons'>check_circle</i></td>
					<td class='timestamp'>12:50:43 PM</td>
					<td class='step-details'>Login success 
 UserName :acmeautomation1@yopmail.comPassword: P@ssw0rd</td>
				</tr>
				<tr class='log' status='pass'>
					<td class='status pass' title='pass' alt='pass'><i class='material-icons'>check_circle</i></td>
					<td class='timestamp'>12:50:43 PM</td>
					<td class='step-details'>Logged in as registered user</td>
				</tr>
				<tr class='log' status='pass'>
					<td class='status pass' title='pass' alt='pass'><i class='material-icons'>check_circle</i></td>
					<td class='timestamp'>12:50:44 PM</td>
					<td class='step-details'>My Account Summary - Personal info values are stored in Hashmap --> {Email=acmeautomation1@yopmail.com, Address=290 broadway street st addr2, City=verona, Name=acme automation}</td>
				</tr>
				<tr class='log' status='pass'>
					<td class='status pass' title='pass' alt='pass'><i class='material-icons'>check_circle</i></td>
					<td class='timestamp'>12:50:44 PM</td>
					<td class='step-details'>com.aventstack.extentreports.ExtentTest@55b5f5d2</td>
				</tr>
				<tr class='log' status='pass'>
					<td class='status pass' title='pass' alt='pass'><i class='material-icons'>check_circle</i></td>
					<td class='timestamp'>12:51:46 PM</td>
					<td class='step-details'>Edit link click in My Account Summary's personal info section navigates the user to the Personal information Edit page</td>
				</tr>
				<tr class='log' status='pass'>
					<td class='status pass' title='pass' alt='pass'><i class='material-icons'>check_circle</i></td>
					<td class='timestamp'>12:51:46 PM</td>
					<td class='step-details'>firstname is matching</td>
				</tr>
				<tr class='log' status='pass'>
					<td class='status pass' title='pass' alt='pass'><i class='material-icons'>check_circle</i></td>
					<td class='timestamp'>12:51:46 PM</td>
					<td class='step-details'>Last Name is matching</td>
				</tr>
				<tr class='log' status='pass'>
					<td class='status pass' title='pass' alt='pass'><i class='material-icons'>check_circle</i></td>
					<td class='timestamp'>12:51:47 PM</td>
					<td class='step-details'>Address 1 is matching</td>
				</tr>
				<tr class='log' status='pass'>
					<td class='status pass' title='pass' alt='pass'><i class='material-icons'>check_circle</i></td>
					<td class='timestamp'>12:51:47 PM</td>
					<td class='step-details'>City is matching</td>
				</tr>
				<tr class='log' status='pass'>
					<td class='status pass' title='pass' alt='pass'><i class='material-icons'>check_circle</i></td>
					<td class='timestamp'>12:51:47 PM</td>
					<td class='step-details'>Email is matching</td>
				</tr>
				<tr class='log' status='pass'>
					<td class='status pass' title='pass' alt='pass'><i class='material-icons'>check_circle</i></td>
					<td class='timestamp'>12:51:47 PM</td>
					<td class='step-details'>Verify Email is matching</td>
				</tr>
				<tr class='log' status='pass'>
					<td class='status pass' title='pass' alt='pass'><i class='material-icons'>check_circle</i></td>
					<td class='timestamp'>12:51:47 PM</td>
					<td class='step-details'>com.aventstack.extentreports.ExtentTest@55b5f5d2</td>
				</tr>
				<tr class='log' status='pass'>
					<td class='status pass' title='pass' alt='pass'><i class='material-icons'>check_circle</i></td>
					<td class='timestamp'>12:51:47 PM</td>
					<td class='step-details'>Script Completed</td>
				</tr>
			</tbody>
		</table>
	</div>
							<ul class='screenshots'>
								<li><img data-featherlight='C:\ACME_Eclipse\ACME_2//Test-ScreenShots//08_11_18_12_50_44.png' width='10%' src='C:\ACME_Eclipse\ACME_2//Test-ScreenShots//08_11_18_12_50_44.png' data-src='C:\ACME_Eclipse\ACME_2//Test-ScreenShots//08_11_18_12_50_44.png'></li>
								<li><img data-featherlight='C:\ACME_Eclipse\ACME_2//Test-ScreenShots//08_11_18_12_51_47.png' width='10%' src='C:\ACME_Eclipse\ACME_2//Test-ScreenShots//08_11_18_12_51_47.png' data-src='C:\ACME_Eclipse\ACME_2//Test-ScreenShots//08_11_18_12_51_47.png'></li>
							</ul>
					</div>
				</li>
				
				
				<li class='test displayed active  pass' status='pass' bdd='false' test-id='2'>
					<div class='test-heading'>
						<span class='test-name'>MyAccount_Summary_05</span>
						<span class='test-time'>Nov 8, 2018 12:52:12 PM</span>
						<span class='test-status right pass'>pass</span>
					</div>
					<div class='test-content hide'>
<div class='test-time-info'>
	<span class='label start-time'>Nov 8, 2018 12:52:12 PM</span>
	<span class='label end-time'>Nov 8, 2018 12:53:54 PM</span>
	<span class='label time-taken grey lighten-1 white-text'>0h 1m 41s+570ms</span>
</div>
	<div class='test-desc'>To verify if the left navigation menu has all the links present in it </div>
	<div class='test-steps'>
		<table class='bordered table-results'>
			<thead>
				<tr>
					<th>Status</th>
					<th>Timestamp</th>
					<th>Details</th>
				</tr>
			</thead>
			<tbody>
				<tr class='log' status='pass'>
					<td class='status pass' title='pass' alt='pass'><i class='material-icons'>check_circle</i></td>
					<td class='timestamp'>12:53:42 PM</td>
					<td class='step-details'>SignInRegister_Link clicked</td>
				</tr>
				<tr class='log' status='pass'>
					<td class='status pass' title='pass' alt='pass'><i class='material-icons'>check_circle</i></td>
					<td class='timestamp'>12:53:53 PM</td>
					<td class='step-details'>Login success 
 UserName :acmeautomation1@yopmail.comPassword: P@ssw0rd</td>
				</tr>
				<tr class='log' status='pass'>
					<td class='status pass' title='pass' alt='pass'><i class='material-icons'>check_circle</i></td>
					<td class='timestamp'>12:53:53 PM</td>
					<td class='step-details'>Logged in as registered user</td>
				</tr>
				<tr class='log' status='pass'>
					<td class='status pass' title='pass' alt='pass'><i class='material-icons'>check_circle</i></td>
					<td class='timestamp'>12:53:53 PM</td>
					<td class='step-details'>[[RemoteWebDriver: chrome on XP (3b22941d759aab1d6d96a272282d028f)] -> xpath: //div[@id='section_button_settings']//a[contains(text(),'Personal Information')]]is present</td>
				</tr>
				<tr class='log' status='pass'>
					<td class='status pass' title='pass' alt='pass'><i class='material-icons'>check_circle</i></td>
					<td class='timestamp'>12:53:54 PM</td>
					<td class='step-details'>[[RemoteWebDriver: chrome on XP (3b22941d759aab1d6d96a272282d028f)] -> xpath: //div[@id='section_button_settings']//a[contains(text(),'My Shipping Address Book')]]is present</td>
				</tr>
				<tr class='log' status='pass'>
					<td class='status pass' title='pass' alt='pass'><i class='material-icons'>check_circle</i></td>
					<td class='timestamp'>12:53:54 PM</td>
					<td class='step-details'>[[RemoteWebDriver: chrome on XP (3b22941d759aab1d6d96a272282d028f)] -> xpath: //div[@id='section_button_settings']//a[contains(text(),'My Credit Card')]]is present</td>
				</tr>
				<tr class='log' status='pass'>
					<td class='status pass' title='pass' alt='pass'><i class='material-icons'>check_circle</i></td>
					<td class='timestamp'>12:53:54 PM</td>
					<td class='step-details'>SETTINGS menu is properly displayed</td>
				</tr>
				<tr class='log' status='pass'>
					<td class='status pass' title='pass' alt='pass'><i class='material-icons'>check_circle</i></td>
					<td class='timestamp'>12:53:54 PM</td>
					<td class='step-details'>[[RemoteWebDriver: chrome on XP (3b22941d759aab1d6d96a272282d028f)] -> xpath: //div[@id='section_button_wishlists']//a[contains(text(),'Personal Wish List')]]is present</td>
				</tr>
				<tr class='log' status='pass'>
					<td class='status pass' title='pass' alt='pass'><i class='material-icons'>check_circle</i></td>
					<td class='timestamp'>12:53:54 PM</td>
					<td class='step-details'>Wishlist menu is properly displayed</td>
				</tr>
				<tr class='log' status='pass'>
					<td class='status pass' title='pass' alt='pass'><i class='material-icons'>check_circle</i></td>
					<td class='timestamp'>12:53:54 PM</td>
					<td class='step-details'>[[RemoteWebDriver: chrome on XP (3b22941d759aab1d6d96a272282d028f)] -> xpath: //div[@id='section_button_orders']//a[contains(text(),'Order History')]]is present</td>
				</tr>
				<tr class='log' status='pass'>
					<td class='status pass' title='pass' alt='pass'><i class='material-icons'>check_circle</i></td>
					<td class='timestamp'>12:53:54 PM</td>
					<td class='step-details'>Orders menu is properly displayed</td>
				</tr>
				<tr class='log' status='pass'>
					<td class='status pass' title='pass' alt='pass'><i class='material-icons'>check_circle</i></td>
					<td class='timestamp'>12:53:54 PM</td>
					<td class='step-details'>[[RemoteWebDriver: chrome on XP (3b22941d759aab1d6d96a272282d028f)] -> xpath: //div[@id='section_button_coupons']//a[contains(text(),'Coupons')]]is present</td>
				</tr>
				<tr class='log' status='pass'>
					<td class='status pass' title='pass' alt='pass'><i class='material-icons'>check_circle</i></td>
					<td class='timestamp'>12:53:54 PM</td>
					<td class='step-details'>Coupons menu is properly displayed</td>
				</tr>
				<tr class='log' status='pass'>
					<td class='status pass' title='pass' alt='pass'><i class='material-icons'>check_circle</i></td>
					<td class='timestamp'>12:53:54 PM</td>
					<td class='step-details'>Script Completed</td>
				</tr>
			</tbody>
		</table>
	</div>
					</div>
				</li>
				
				
				<li class='test displayed active  pass' status='pass' bdd='false' test-id='3'>
					<div class='test-heading'>
						<span class='test-name'>MyAccount_coupons_17</span>
						<span class='test-time'>Nov 8, 2018 12:54:43 PM</span>
						<span class='test-status right pass'>pass</span>
					</div>
					<div class='test-content hide'>
<div class='test-time-info'>
	<span class='label start-time'>Nov 8, 2018 12:54:43 PM</span>
	<span class='label end-time'>Nov 8, 2018 12:55:37 PM</span>
	<span class='label time-taken grey lighten-1 white-text'>0h 0m 53s+394ms</span>
</div>
	<div class='test-desc'>To check the UI of the Coupons page in My Account </div>
	<div class='test-steps'>
		<table class='bordered table-results'>
			<thead>
				<tr>
					<th>Status</th>
					<th>Timestamp</th>
					<th>Details</th>
				</tr>
			</thead>
			<tbody>
				<tr class='log' status='pass'>
					<td class='status pass' title='pass' alt='pass'><i class='material-icons'>check_circle</i></td>
					<td class='timestamp'>12:55:16 PM</td>
					<td class='step-details'>SignInRegister_Link clicked</td>
				</tr>
				<tr class='log' status='pass'>
					<td class='status pass' title='pass' alt='pass'><i class='material-icons'>check_circle</i></td>
					<td class='timestamp'>12:55:29 PM</td>
					<td class='step-details'>Login success 
 UserName :acmeautomation1@yopmail.comPassword: P@ssw0rd</td>
				</tr>
				<tr class='log' status='pass'>
					<td class='status pass' title='pass' alt='pass'><i class='material-icons'>check_circle</i></td>
					<td class='timestamp'>12:55:29 PM</td>
					<td class='step-details'>Logged in as registered user</td>
				</tr>
				<tr class='log' status='pass'>
					<td class='status pass' title='pass' alt='pass'><i class='material-icons'>check_circle</i></td>
					<td class='timestamp'>12:55:36 PM</td>
					<td class='step-details'>Current Breadcrumb is My Coupons</td>
				</tr>
				<tr class='log' status='pass'>
					<td class='status pass' title='pass' alt='pass'><i class='material-icons'>check_circle</i></td>
					<td class='timestamp'>12:55:36 PM</td>
					<td class='step-details'>[[RemoteWebDriver: chrome on XP (39a41690e17200dc61e1269aa906c725)] -> xpath: //div[@class='my_account']//h2[contains(text(),'My Coupons')]]is present</td>
				</tr>
				<tr class='log' status='pass'>
					<td class='status pass' title='pass' alt='pass'><i class='material-icons'>check_circle</i></td>
					<td class='timestamp'>12:55:36 PM</td>
					<td class='step-details'>[[RemoteWebDriver: chrome on XP (39a41690e17200dc61e1269aa906c725)] -> xpath: //div[@class='my_account']//*[contains(text(),'You currently have no coupons')]]is present</td>
				</tr>
				<tr class='log' status='pass'>
					<td class='status pass' title='pass' alt='pass'><i class='material-icons'>check_circle</i></td>
					<td class='timestamp'>12:55:36 PM</td>
					<td class='step-details'>My Account Coupon Page UI Validation is completed</td>
				</tr>
				<tr class='log' status='pass'>
					<td class='status pass' title='pass' alt='pass'><i class='material-icons'>check_circle</i></td>
					<td class='timestamp'>12:55:37 PM</td>
					<td class='step-details'>com.aventstack.extentreports.ExtentTest@6b54655f</td>
				</tr>
				<tr class='log' status='pass'>
					<td class='status pass' title='pass' alt='pass'><i class='material-icons'>check_circle</i></td>
					<td class='timestamp'>12:55:37 PM</td>
					<td class='step-details'>Script Completed</td>
				</tr>
			</tbody>
		</table>
	</div>
							<ul class='screenshots'>
								<li><img data-featherlight='C:\ACME_Eclipse\ACME_2//Test-ScreenShots//08_11_18_12_55_36.png' width='10%' src='C:\ACME_Eclipse\ACME_2//Test-ScreenShots//08_11_18_12_55_36.png' data-src='C:\ACME_Eclipse\ACME_2//Test-ScreenShots//08_11_18_12_55_36.png'></li>
							</ul>
					</div>
				</li>
				
				
				<li class='test displayed active  pass' status='pass' bdd='false' test-id='4'>
					<div class='test-heading'>
						<span class='test-name'>MyAccount_addressBook_09</span>
						<span class='test-time'>Nov 8, 2018 12:56:26 PM</span>
						<span class='test-status right pass'>pass</span>
					</div>
					<div class='test-content hide'>
<div class='test-time-info'>
	<span class='label start-time'>Nov 8, 2018 12:56:26 PM</span>
	<span class='label end-time'>Nov 8, 2018 12:57:29 PM</span>
	<span class='label time-taken grey lighten-1 white-text'>0h 1m 2s+798ms</span>
</div>
	<div class='test-desc'>To verify the My Shipping address book Page UI elements </div>
	<div class='test-steps'>
		<table class='bordered table-results'>
			<thead>
				<tr>
					<th>Status</th>
					<th>Timestamp</th>
					<th>Details</th>
				</tr>
			</thead>
			<tbody>
				<tr class='log' status='pass'>
					<td class='status pass' title='pass' alt='pass'><i class='material-icons'>check_circle</i></td>
					<td class='timestamp'>12:56:44 PM</td>
					<td class='step-details'>SignInRegister_Link clicked</td>
				</tr>
				<tr class='log' status='pass'>
					<td class='status pass' title='pass' alt='pass'><i class='material-icons'>check_circle</i></td>
					<td class='timestamp'>12:57:00 PM</td>
					<td class='step-details'>Login success 
 UserName :acmeautomation1@yopmail.comPassword: P@ssw0rd</td>
				</tr>
				<tr class='log' status='pass'>
					<td class='status pass' title='pass' alt='pass'><i class='material-icons'>check_circle</i></td>
					<td class='timestamp'>12:57:00 PM</td>
					<td class='step-details'>Logged in as registered user</td>
				</tr>
				<tr class='log' status='pass'>
					<td class='status pass' title='pass' alt='pass'><i class='material-icons'>check_circle</i></td>
					<td class='timestamp'>12:57:27 PM</td>
					<td class='step-details'>[[RemoteWebDriver: chrome on XP (febbd82090ebd96e246505ee16f7e568)] -> xpath: //div[@class='my_account']//h2[contains(text(),'Shipping Addresses')]]is present</td>
				</tr>
				<tr class='log' status='pass'>
					<td class='status pass' title='pass' alt='pass'><i class='material-icons'>check_circle</i></td>
					<td class='timestamp'>12:57:27 PM</td>
					<td class='step-details'>[[RemoteWebDriver: chrome on XP (febbd82090ebd96e246505ee16f7e568)] -> xpath: //table[@id='addressId']]is present</td>
				</tr>
				<tr class='log' status='pass'>
					<td class='status pass' title='pass' alt='pass'><i class='material-icons'>check_circle</i></td>
					<td class='timestamp'>12:57:27 PM</td>
					<td class='step-details'>[[RemoteWebDriver: chrome on XP (febbd82090ebd96e246505ee16f7e568)] -> xpath: //div[@class='my_account']//a[contains(text(),'Add New')]]is present</td>
				</tr>
				<tr class='log' status='pass'>
					<td class='status pass' title='pass' alt='pass'><i class='material-icons'>check_circle</i></td>
					<td class='timestamp'>12:57:27 PM</td>
					<td class='step-details'>[[RemoteWebDriver: chrome on XP (febbd82090ebd96e246505ee16f7e568)] -> xpath: //div[@class='my_account']//a[contains(text(),'Remove')]]is present</td>
				</tr>
				<tr class='log' status='pass'>
					<td class='status pass' title='pass' alt='pass'><i class='material-icons'>check_circle</i></td>
					<td class='timestamp'>12:57:27 PM</td>
					<td class='step-details'>[[RemoteWebDriver: chrome on XP (febbd82090ebd96e246505ee16f7e568)] -> xpath: //div[@class='my_account']//label[contains(text(),'First name:')]]is present</td>
				</tr>
				<tr class='log' status='pass'>
					<td class='status pass' title='pass' alt='pass'><i class='material-icons'>check_circle</i></td>
					<td class='timestamp'>12:57:27 PM</td>
					<td class='step-details'>[[RemoteWebDriver: chrome on XP (febbd82090ebd96e246505ee16f7e568)] -> xpath: //div[@class='my_account']//label[contains(text(),'Last name:')]]is present</td>
				</tr>
				<tr class='log' status='pass'>
					<td class='status pass' title='pass' alt='pass'><i class='material-icons'>check_circle</i></td>
					<td class='timestamp'>12:57:28 PM</td>
					<td class='step-details'>[[RemoteWebDriver: chrome on XP (febbd82090ebd96e246505ee16f7e568)] -> name: firstName]is present</td>
				</tr>
				<tr class='log' status='pass'>
					<td class='status pass' title='pass' alt='pass'><i class='material-icons'>check_circle</i></td>
					<td class='timestamp'>12:57:28 PM</td>
					<td class='step-details'>[[RemoteWebDriver: chrome on XP (febbd82090ebd96e246505ee16f7e568)] -> name: lastName]is present</td>
				</tr>
				<tr class='log' status='pass'>
					<td class='status pass' title='pass' alt='pass'><i class='material-icons'>check_circle</i></td>
					<td class='timestamp'>12:57:28 PM</td>
					<td class='step-details'>[[RemoteWebDriver: chrome on XP (febbd82090ebd96e246505ee16f7e568)] -> xpath: //div[@class='my_account']//div[contains(text(),'Company:')]]is present</td>
				</tr>
				<tr class='log' status='pass'>
					<td class='status pass' title='pass' alt='pass'><i class='material-icons'>check_circle</i></td>
					<td class='timestamp'>12:57:28 PM</td>
					<td class='step-details'>[[RemoteWebDriver: chrome on XP (febbd82090ebd96e246505ee16f7e568)] -> name: organizationName]is present</td>
				</tr>
				<tr class='log' status='pass'>
					<td class='status pass' title='pass' alt='pass'><i class='material-icons'>check_circle</i></td>
					<td class='timestamp'>12:57:28 PM</td>
					<td class='step-details'>[[RemoteWebDriver: chrome on XP (febbd82090ebd96e246505ee16f7e568)] -> xpath: //div[@class='my_account']//label[contains(text(),'Street address 1:')]]is present</td>
				</tr>
				<tr class='log' status='pass'>
					<td class='status pass' title='pass' alt='pass'><i class='material-icons'>check_circle</i></td>
					<td class='timestamp'>12:57:28 PM</td>
					<td class='step-details'>[[RemoteWebDriver: chrome on XP (febbd82090ebd96e246505ee16f7e568)] -> name: address1]is present</td>
				</tr>
				<tr class='log' status='pass'>
					<td class='status pass' title='pass' alt='pass'><i class='material-icons'>check_circle</i></td>
					<td class='timestamp'>12:57:28 PM</td>
					<td class='step-details'>[[RemoteWebDriver: chrome on XP (febbd82090ebd96e246505ee16f7e568)] -> xpath: //div[@class='my_account']//label[contains(text(),'Street address 2:')]]is present</td>
				</tr>
				<tr class='log' status='pass'>
					<td class='status pass' title='pass' alt='pass'><i class='material-icons'>check_circle</i></td>
					<td class='timestamp'>12:57:28 PM</td>
					<td class='step-details'>[[RemoteWebDriver: chrome on XP (febbd82090ebd96e246505ee16f7e568)] -> name: address2]is present</td>
				</tr>
				<tr class='log' status='pass'>
					<td class='status pass' title='pass' alt='pass'><i class='material-icons'>check_circle</i></td>
					<td class='timestamp'>12:57:28 PM</td>
					<td class='step-details'>[[RemoteWebDriver: chrome on XP (febbd82090ebd96e246505ee16f7e568)] -> xpath: //div[@class='my_account']//label[contains(text(),'City')]]is present</td>
				</tr>
				<tr class='log' status='pass'>
					<td class='status pass' title='pass' alt='pass'><i class='material-icons'>check_circle</i></td>
					<td class='timestamp'>12:57:28 PM</td>
					<td class='step-details'>[[RemoteWebDriver: chrome on XP (febbd82090ebd96e246505ee16f7e568)] -> name: city]is present</td>
				</tr>
				<tr class='log' status='pass'>
					<td class='status pass' title='pass' alt='pass'><i class='material-icons'>check_circle</i></td>
					<td class='timestamp'>12:57:28 PM</td>
					<td class='step-details'>[[RemoteWebDriver: chrome on XP (febbd82090ebd96e246505ee16f7e568)] -> xpath: //div[@class='my_account']//label[contains(text(),'ZIP code:')]]is present</td>
				</tr>
				<tr class='log' status='pass'>
					<td class='status pass' title='pass' alt='pass'><i class='material-icons'>check_circle</i></td>
					<td class='timestamp'>12:57:28 PM</td>
					<td class='step-details'>[[RemoteWebDriver: chrome on XP (febbd82090ebd96e246505ee16f7e568)] -> name: zipCode]is present</td>
				</tr>
				<tr class='log' status='pass'>
					<td class='status pass' title='pass' alt='pass'><i class='material-icons'>check_circle</i></td>
					<td class='timestamp'>12:57:28 PM</td>
					<td class='step-details'>[[RemoteWebDriver: chrome on XP (febbd82090ebd96e246505ee16f7e568)] -> xpath: //div[@class='my_account']//label[contains(text(),'State:')]]is present</td>
				</tr>
				<tr class='log' status='pass'>
					<td class='status pass' title='pass' alt='pass'><i class='material-icons'>check_circle</i></td>
					<td class='timestamp'>12:57:28 PM</td>
					<td class='step-details'>[[RemoteWebDriver: chrome on XP (febbd82090ebd96e246505ee16f7e568)] -> xpath: //div[@class='my_account']//label[contains(text(),'Phone number:')]]is present</td>
				</tr>
				<tr class='log' status='pass'>
					<td class='status pass' title='pass' alt='pass'><i class='material-icons'>check_circle</i></td>
					<td class='timestamp'>12:57:28 PM</td>
					<td class='step-details'>[[RemoteWebDriver: chrome on XP (febbd82090ebd96e246505ee16f7e568)] -> name: phone1]is present</td>
				</tr>
				<tr class='log' status='pass'>
					<td class='status pass' title='pass' alt='pass'><i class='material-icons'>check_circle</i></td>
					<td class='timestamp'>12:57:29 PM</td>
					<td class='step-details'>[[RemoteWebDriver: chrome on XP (febbd82090ebd96e246505ee16f7e568)] -> xpath: //div[@class='my_account']//label[contains(text(),'Email:')]]is present</td>
				</tr>
				<tr class='log' status='pass'>
					<td class='status pass' title='pass' alt='pass'><i class='material-icons'>check_circle</i></td>
					<td class='timestamp'>12:57:29 PM</td>
					<td class='step-details'>[[RemoteWebDriver: chrome on XP (febbd82090ebd96e246505ee16f7e568)] -> name: email1]is present</td>
				</tr>
				<tr class='log' status='pass'>
					<td class='status pass' title='pass' alt='pass'><i class='material-icons'>check_circle</i></td>
					<td class='timestamp'>12:57:29 PM</td>
					<td class='step-details'>[[RemoteWebDriver: chrome on XP (febbd82090ebd96e246505ee16f7e568)] -> xpath: //div[@class='my_account']//label[contains(text(),'Verify Email')]]is present</td>
				</tr>
				<tr class='log' status='pass'>
					<td class='status pass' title='pass' alt='pass'><i class='material-icons'>check_circle</i></td>
					<td class='timestamp'>12:57:29 PM</td>
					<td class='step-details'>[[RemoteWebDriver: chrome on XP (febbd82090ebd96e246505ee16f7e568)] -> name: verifyemail1]is present</td>
				</tr>
				<tr class='log' status='pass'>
					<td class='status pass' title='pass' alt='pass'><i class='material-icons'>check_circle</i></td>
					<td class='timestamp'>12:57:29 PM</td>
					<td class='step-details'>[[RemoteWebDriver: chrome on XP (febbd82090ebd96e246505ee16f7e568)] -> xpath: //a[contains(text(),'Update')]]is present</td>
				</tr>
				<tr class='log' status='pass'>
					<td class='status pass' title='pass' alt='pass'><i class='material-icons'>check_circle</i></td>
					<td class='timestamp'>12:57:29 PM</td>
					<td class='step-details'>My Shipping Address Book Page UI elements are verified Successfully</td>
				</tr>
				<tr class='log' status='pass'>
					<td class='status pass' title='pass' alt='pass'><i class='material-icons'>check_circle</i></td>
					<td class='timestamp'>12:57:29 PM</td>
					<td class='step-details'>Script Completed</td>
				</tr>
			</tbody>
		</table>
	</div>
					</div>
				</li>
				
				
				<li class='test displayed active  pass' status='pass' bdd='false' test-id='5'>
					<div class='test-heading'>
						<span class='test-name'>MyAccount_addressBook_12</span>
						<span class='test-time'>Nov 8, 2018 12:58:16 PM</span>
						<span class='test-status right pass'>pass</span>
					</div>
					<div class='test-content hide'>
<div class='test-time-info'>
	<span class='label start-time'>Nov 8, 2018 12:58:16 PM</span>
	<span class='label end-time'>Nov 8, 2018 12:59:59 PM</span>
	<span class='label time-taken grey lighten-1 white-text'>0h 1m 43s+345ms</span>
</div>
	<div class='test-desc'>To add new address in Address book </div>
	<div class='test-steps'>
		<table class='bordered table-results'>
			<thead>
				<tr>
					<th>Status</th>
					<th>Timestamp</th>
					<th>Details</th>
				</tr>
			</thead>
			<tbody>
				<tr class='log' status='pass'>
					<td class='status pass' title='pass' alt='pass'><i class='material-icons'>check_circle</i></td>
					<td class='timestamp'>12:58:29 PM</td>
					<td class='step-details'>SignInRegister_Link clicked</td>
				</tr>
				<tr class='log' status='pass'>
					<td class='status pass' title='pass' alt='pass'><i class='material-icons'>check_circle</i></td>
					<td class='timestamp'>12:58:46 PM</td>
					<td class='step-details'>Login success 
 UserName :acmeautomation1@yopmail.comPassword: P@ssw0rd</td>
				</tr>
				<tr class='log' status='pass'>
					<td class='status pass' title='pass' alt='pass'><i class='material-icons'>check_circle</i></td>
					<td class='timestamp'>12:58:46 PM</td>
					<td class='step-details'>Logged in as registered user</td>
				</tr>
				<tr class='log' status='pass'>
					<td class='status pass' title='pass' alt='pass'><i class='material-icons'>check_circle</i></td>
					<td class='timestamp'>12:59:46 PM</td>
					<td class='step-details'>While adding new address submit and cancel CTA is present and update CTA is not displayed</td>
				</tr>
				<tr class='log' status='pass'>
					<td class='status pass' title='pass' alt='pass'><i class='material-icons'>check_circle</i></td>
					<td class='timestamp'>12:59:49 PM</td>
					<td class='step-details'>com.aventstack.extentreports.ExtentTest@2a39fe6a</td>
				</tr>
				<tr class='log' status='pass'>
					<td class='status pass' title='pass' alt='pass'><i class='material-icons'>check_circle</i></td>
					<td class='timestamp'>12:59:50 PM</td>
					<td class='step-details'>com.aventstack.extentreports.ExtentTest@2a39fe6a</td>
				</tr>
				<tr class='log' status='pass'>
					<td class='status pass' title='pass' alt='pass'><i class='material-icons'>check_circle</i></td>
					<td class='timestamp'>12:59:53 PM</td>
					<td class='step-details'>All the new address details are entered in the corresponding fields</td>
				</tr>
				<tr class='log' status='pass'>
					<td class='status pass' title='pass' alt='pass'><i class='material-icons'>check_circle</i></td>
					<td class='timestamp'>12:59:58 PM</td>
					<td class='step-details'>New Address is added in the address Book</td>
				</tr>
				<tr class='log' status='pass'>
					<td class='status pass' title='pass' alt='pass'><i class='material-icons'>check_circle</i></td>
					<td class='timestamp'>12:59:59 PM</td>
					<td class='step-details'>com.aventstack.extentreports.ExtentTest@2a39fe6a</td>
				</tr>
				<tr class='log' status='pass'>
					<td class='status pass' title='pass' alt='pass'><i class='material-icons'>check_circle</i></td>
					<td class='timestamp'>12:59:59 PM</td>
					<td class='step-details'>com.aventstack.extentreports.ExtentTest@2a39fe6a</td>
				</tr>
				<tr class='log' status='pass'>
					<td class='status pass' title='pass' alt='pass'><i class='material-icons'>check_circle</i></td>
					<td class='timestamp'>12:59:59 PM</td>
					<td class='step-details'>Script Completed</td>
				</tr>
			</tbody>
		</table>
	</div>
							<ul class='screenshots'>
								<li><img data-featherlight='C:\ACME_Eclipse\ACME_2//Test-ScreenShots//08_11_18_12_59_48.png' width='10%' src='C:\ACME_Eclipse\ACME_2//Test-ScreenShots//08_11_18_12_59_48.png' data-src='C:\ACME_Eclipse\ACME_2//Test-ScreenShots//08_11_18_12_59_48.png'></li>
								<li><img data-featherlight='C:\ACME_Eclipse\ACME_2//Test-ScreenShots//08_11_18_12_59_50.png' width='10%' src='C:\ACME_Eclipse\ACME_2//Test-ScreenShots//08_11_18_12_59_50.png' data-src='C:\ACME_Eclipse\ACME_2//Test-ScreenShots//08_11_18_12_59_50.png'></li>
								<li><img data-featherlight='C:\ACME_Eclipse\ACME_2//Test-ScreenShots//08_11_18_12_59_58.png' width='10%' src='C:\ACME_Eclipse\ACME_2//Test-ScreenShots//08_11_18_12_59_58.png' data-src='C:\ACME_Eclipse\ACME_2//Test-ScreenShots//08_11_18_12_59_58.png'></li>
								<li><img data-featherlight='C:\ACME_Eclipse\ACME_2//Test-ScreenShots//08_11_18_12_59_59.png' width='10%' src='C:\ACME_Eclipse\ACME_2//Test-ScreenShots//08_11_18_12_59_59.png' data-src='C:\ACME_Eclipse\ACME_2//Test-ScreenShots//08_11_18_12_59_59.png'></li>
							</ul>
					</div>
				</li>
				
				
				<li class='test displayed active  fail' status='fail' bdd='false' test-id='6'>
					<div class='test-heading'>
						<span class='test-name'>MyAccount_addressBook_11</span>
						<span class='test-time'>Nov 8, 2018 01:00:58 PM</span>
						<span class='test-status right fail'>fail</span>
					</div>
					<div class='test-content hide'>
<div class='test-time-info'>
	<span class='label start-time'>Nov 8, 2018 01:00:58 PM</span>
	<span class='label end-time'>Nov 8, 2018 01:03:03 PM</span>
	<span class='label time-taken grey lighten-1 white-text'>0h 2m 5s+343ms</span>
</div>
	<div class='test-desc'>To ensure if all the fields are blank in the address book while adding new address in Address book </div>
	<div class='test-steps'>
		<table class='bordered table-results'>
			<thead>
				<tr>
					<th>Status</th>
					<th>Timestamp</th>
					<th>Details</th>
				</tr>
			</thead>
			<tbody>
				<tr class='log' status='pass'>
					<td class='status pass' title='pass' alt='pass'><i class='material-icons'>check_circle</i></td>
					<td class='timestamp'>1:01:20 PM</td>
					<td class='step-details'>SignInRegister_Link clicked</td>
				</tr>
				<tr class='log' status='pass'>
					<td class='status pass' title='pass' alt='pass'><i class='material-icons'>check_circle</i></td>
					<td class='timestamp'>1:01:38 PM</td>
					<td class='step-details'>Login success 
 UserName :acmeautomation1@yopmail.comPassword: P@ssw0rd</td>
				</tr>
				<tr class='log' status='pass'>
					<td class='status pass' title='pass' alt='pass'><i class='material-icons'>check_circle</i></td>
					<td class='timestamp'>1:01:38 PM</td>
					<td class='step-details'>Logged in as registered user</td>
				</tr>
				<tr class='log' status='pass'>
					<td class='status pass' title='pass' alt='pass'><i class='material-icons'>check_circle</i></td>
					<td class='timestamp'>1:03:02 PM</td>
					<td class='step-details'>recipient field passed</td>
				</tr>
				<tr class='log' status='pass'>
					<td class='status pass' title='pass' alt='pass'><i class='material-icons'>check_circle</i></td>
					<td class='timestamp'>1:03:03 PM</td>
					<td class='step-details'>firstname, lastname, company, address1, address2, city, zipcode, email, verify email fields are blank</td>
				</tr>
				<tr class='log' status='pass'>
					<td class='status pass' title='pass' alt='pass'><i class='material-icons'>check_circle</i></td>
					<td class='timestamp'>1:03:03 PM</td>
					<td class='step-details'>com.aventstack.extentreports.ExtentTest@724bade8</td>
				</tr>
				<tr class='log' status='fail'>
					<td class='status fail' title='fail' alt='fail'><i class='material-icons'>cancel</i></td>
					<td class='timestamp'>1:03:03 PM</td>
					<td class='step-details'><pre>java.lang.AssertionError: expected [true] but found [false]
	at org.testng.Assert.fail(Assert.java:96)
	at org.testng.Assert.failNotEquals(Assert.java:776)
	at org.testng.Assert.assertTrue(Assert.java:44)
	at org.testng.Assert.assertTrue(Assert.java:54)
	at Reusables.MyAccAddressBookPageActions.ensureBlankFields_addNewAddress(MyAccAddressBookPageActions.java:120)
	at Testcases.MyAccountScripts.myAcc_ShippingInfo_addNewAddress_emptyField_test(MyAccountScripts.java:245)
	at sun.reflect.NativeMethodAccessorImpl.invoke0(Native Method)
	at sun.reflect.NativeMethodAccessorImpl.invoke(Unknown Source)
	at sun.reflect.DelegatingMethodAccessorImpl.invoke(Unknown Source)
	at java.lang.reflect.Method.invoke(Unknown Source)
	at org.testng.internal.MethodInvocationHelper.invokeMethod(MethodInvocationHelper.java:124)
	at org.testng.internal.Invoker.invokeMethod(Invoker.java:580)
	at org.testng.internal.Invoker.invokeTestMethod(Invoker.java:716)
	at org.testng.internal.Invoker.invokeTestMethods(Invoker.java:988)
	at org.testng.internal.TestMethodWorker.invokeTestMethods(TestMethodWorker.java:125)
	at org.testng.internal.TestMethodWorker.run(TestMethodWorker.java:109)
	at org.testng.TestRunner.privateRun(TestRunner.java:648)
	at org.testng.TestRunner.run(TestRunner.java:505)
	at org.testng.SuiteRunner.runTest(SuiteRunner.java:455)
	at org.testng.SuiteRunner.runSequentially(SuiteRunner.java:450)
	at org.testng.SuiteRunner.privateRun(SuiteRunner.java:415)
	at org.testng.SuiteRunner.run(SuiteRunner.java:364)
	at org.testng.SuiteRunnerWorker.runSuite(SuiteRunnerWorker.java:52)
	at org.testng.SuiteRunnerWorker.run(SuiteRunnerWorker.java:84)
	at org.testng.TestNG.runSuitesSequentially(TestNG.java:1208)
	at org.testng.TestNG.runSuitesLocally(TestNG.java:1137)
	at org.testng.TestNG.runSuites(TestNG.java:1049)
	at org.testng.TestNG.run(TestNG.java:1017)
	at org.testng.remote.AbstractRemoteTestNG.run(AbstractRemoteTestNG.java:114)
	at org.testng.remote.RemoteTestNG.initAndRun(RemoteTestNG.java:251)
	at org.testng.remote.RemoteTestNG.main(RemoteTestNG.java:77)
</pre></td>
				</tr>
			</tbody>
		</table>
	</div>
							<ul class='screenshots'>
								<li><img data-featherlight='C:\ACME_Eclipse\ACME_2//Test-ScreenShots//08_11_18_13_03_03.png' width='10%' src='C:\ACME_Eclipse\ACME_2//Test-ScreenShots//08_11_18_13_03_03.png' data-src='C:\ACME_Eclipse\ACME_2//Test-ScreenShots//08_11_18_13_03_03.png'></li>
							</ul>
					</div>
				</li>
				
				
				<li class='test displayed active  pass' status='pass' bdd='false' test-id='7'>
					<div class='test-heading'>
						<span class='test-name'>MyAccount_addressBook_10</span>
						<span class='test-time'>Nov 8, 2018 01:04:11 PM</span>
						<span class='test-status right pass'>pass</span>
					</div>
					<div class='test-content hide'>
<div class='test-time-info'>
	<span class='label start-time'>Nov 8, 2018 01:04:11 PM</span>
	<span class='label end-time'>Nov 8, 2018 01:06:45 PM</span>
	<span class='label time-taken grey lighten-1 white-text'>0h 2m 33s+367ms</span>
</div>
	<div class='test-desc'>When the registered user, who hasn't saved any address to his address book explicitly, navigates to the shipping address book, verify if the following fields are pre-populated with the values from the personal information of the user </div>
	<div class='test-steps'>
		<table class='bordered table-results'>
			<thead>
				<tr>
					<th>Status</th>
					<th>Timestamp</th>
					<th>Details</th>
				</tr>
			</thead>
			<tbody>
				<tr class='log' status='pass'>
					<td class='status pass' title='pass' alt='pass'><i class='material-icons'>check_circle</i></td>
					<td class='timestamp'>1:04:32 PM</td>
					<td class='step-details'>SignInRegister_Link clicked</td>
				</tr>
				<tr class='log' status='pass'>
					<td class='status pass' title='pass' alt='pass'><i class='material-icons'>check_circle</i></td>
					<td class='timestamp'>1:05:32 PM</td>
					<td class='step-details'>Login success 
 UserName :abooknoaddr@yopmail.comPassword: P@ssw0rd</td>
				</tr>
				<tr class='log' status='pass'>
					<td class='status pass' title='pass' alt='pass'><i class='material-icons'>check_circle</i></td>
					<td class='timestamp'>1:05:32 PM</td>
					<td class='step-details'>Logged in as registered user</td>
				</tr>
				<tr class='log' status='pass'>
					<td class='status pass' title='pass' alt='pass'><i class='material-icons'>check_circle</i></td>
					<td class='timestamp'>1:06:44 PM</td>
					<td class='step-details'>com.aventstack.extentreports.ExtentTest@5ebd56e9</td>
				</tr>
				<tr class='log' status='pass'>
					<td class='status pass' title='pass' alt='pass'><i class='material-icons'>check_circle</i></td>
					<td class='timestamp'>1:06:44 PM</td>
					<td class='step-details'>firstName is matching with personal information</td>
				</tr>
				<tr class='log' status='pass'>
					<td class='status pass' title='pass' alt='pass'><i class='material-icons'>check_circle</i></td>
					<td class='timestamp'>1:06:44 PM</td>
					<td class='step-details'>Last name is matching with personal information</td>
				</tr>
				<tr class='log' status='pass'>
					<td class='status pass' title='pass' alt='pass'><i class='material-icons'>check_circle</i></td>
					<td class='timestamp'>1:06:44 PM</td>
					<td class='step-details'>Company is matching with personal information</td>
				</tr>
				<tr class='log' status='pass'>
					<td class='status pass' title='pass' alt='pass'><i class='material-icons'>check_circle</i></td>
					<td class='timestamp'>1:06:44 PM</td>
					<td class='step-details'>Address1 is matching with personal information</td>
				</tr>
				<tr class='log' status='pass'>
					<td class='status pass' title='pass' alt='pass'><i class='material-icons'>check_circle</i></td>
					<td class='timestamp'>1:06:44 PM</td>
					<td class='step-details'>Address2 is matching with personal information</td>
				</tr>
				<tr class='log' status='pass'>
					<td class='status pass' title='pass' alt='pass'><i class='material-icons'>check_circle</i></td>
					<td class='timestamp'>1:06:44 PM</td>
					<td class='step-details'>City is matching with personal information</td>
				</tr>
				<tr class='log' status='pass'>
					<td class='status pass' title='pass' alt='pass'><i class='material-icons'>check_circle</i></td>
					<td class='timestamp'>1:06:44 PM</td>
					<td class='step-details'>Zipcode is matching with personal information</td>
				</tr>
				<tr class='log' status='pass'>
					<td class='status pass' title='pass' alt='pass'><i class='material-icons'>check_circle</i></td>
					<td class='timestamp'>1:06:44 PM</td>
					<td class='step-details'>PhoneNum is matching with personal information</td>
				</tr>
				<tr class='log' status='pass'>
					<td class='status pass' title='pass' alt='pass'><i class='material-icons'>check_circle</i></td>
					<td class='timestamp'>1:06:44 PM</td>
					<td class='step-details'>Email is matching with personal information</td>
				</tr>
				<tr class='log' status='pass'>
					<td class='status pass' title='pass' alt='pass'><i class='material-icons'>check_circle</i></td>
					<td class='timestamp'>1:06:44 PM</td>
					<td class='step-details'>Verify Email is matching with personal information</td>
				</tr>
				<tr class='log' status='pass'>
					<td class='status pass' title='pass' alt='pass'><i class='material-icons'>check_circle</i></td>
					<td class='timestamp'>1:06:45 PM</td>
					<td class='step-details'>com.aventstack.extentreports.ExtentTest@5ebd56e9</td>
				</tr>
				<tr class='log' status='pass'>
					<td class='status pass' title='pass' alt='pass'><i class='material-icons'>check_circle</i></td>
					<td class='timestamp'>1:06:45 PM</td>
					<td class='step-details'>Script Completed</td>
				</tr>
			</tbody>
		</table>
	</div>
							<ul class='screenshots'>
								<li><img data-featherlight='C:\ACME_Eclipse\ACME_2//Test-ScreenShots//08_11_18_13_06_43.png' width='10%' src='C:\ACME_Eclipse\ACME_2//Test-ScreenShots//08_11_18_13_06_43.png' data-src='C:\ACME_Eclipse\ACME_2//Test-ScreenShots//08_11_18_13_06_43.png'></li>
								<li><img data-featherlight='C:\ACME_Eclipse\ACME_2//Test-ScreenShots//08_11_18_13_06_44.png' width='10%' src='C:\ACME_Eclipse\ACME_2//Test-ScreenShots//08_11_18_13_06_44.png' data-src='C:\ACME_Eclipse\ACME_2//Test-ScreenShots//08_11_18_13_06_44.png'></li>
							</ul>
					</div>
				</li>
				
				
				<li class='test displayed active  pass' status='pass' bdd='false' test-id='8'>
					<div class='test-heading'>
						<span class='test-name'>MyAccount_addressBook_13</span>
						<span class='test-time'>Nov 8, 2018 01:07:38 PM</span>
						<span class='test-status right pass'>pass</span>
					</div>
					<div class='test-content hide'>
<div class='test-time-info'>
	<span class='label start-time'>Nov 8, 2018 01:07:38 PM</span>
	<span class='label end-time'>Nov 8, 2018 01:11:31 PM</span>
	<span class='label time-taken grey lighten-1 white-text'>0h 3m 53s+132ms</span>
</div>
	<div class='test-desc'>To remove  address in Address book </div>
	<div class='test-steps'>
		<table class='bordered table-results'>
			<thead>
				<tr>
					<th>Status</th>
					<th>Timestamp</th>
					<th>Details</th>
				</tr>
			</thead>
			<tbody>
				<tr class='log' status='pass'>
					<td class='status pass' title='pass' alt='pass'><i class='material-icons'>check_circle</i></td>
					<td class='timestamp'>1:07:53 PM</td>
					<td class='step-details'>SignInRegister_Link clicked</td>
				</tr>
				<tr class='log' status='pass'>
					<td class='status pass' title='pass' alt='pass'><i class='material-icons'>check_circle</i></td>
					<td class='timestamp'>1:08:10 PM</td>
					<td class='step-details'>Login success 
 UserName :acmeautomation1@yopmail.comPassword: P@ssw0rd</td>
				</tr>
				<tr class='log' status='pass'>
					<td class='status pass' title='pass' alt='pass'><i class='material-icons'>check_circle</i></td>
					<td class='timestamp'>1:08:10 PM</td>
					<td class='step-details'>Logged in as registered user</td>
				</tr>
				<tr class='log' status='pass'>
					<td class='status pass' title='pass' alt='pass'><i class='material-icons'>check_circle</i></td>
					<td class='timestamp'>1:09:16 PM</td>
					<td class='step-details'>While adding new address submit and cancel CTA is present and update CTA is not displayed</td>
				</tr>
				<tr class='log' status='pass'>
					<td class='status pass' title='pass' alt='pass'><i class='material-icons'>check_circle</i></td>
					<td class='timestamp'>1:09:18 PM</td>
					<td class='step-details'>com.aventstack.extentreports.ExtentTest@ecf9049</td>
				</tr>
				<tr class='log' status='pass'>
					<td class='status pass' title='pass' alt='pass'><i class='material-icons'>check_circle</i></td>
					<td class='timestamp'>1:09:19 PM</td>
					<td class='step-details'>com.aventstack.extentreports.ExtentTest@ecf9049</td>
				</tr>
				<tr class='log' status='pass'>
					<td class='status pass' title='pass' alt='pass'><i class='material-icons'>check_circle</i></td>
					<td class='timestamp'>1:09:22 PM</td>
					<td class='step-details'>All the new address details are entered in the corresponding fields</td>
				</tr>
				<tr class='log' status='pass'>
					<td class='status pass' title='pass' alt='pass'><i class='material-icons'>check_circle</i></td>
					<td class='timestamp'>1:09:27 PM</td>
					<td class='step-details'>New Address is added in the address Book</td>
				</tr>
				<tr class='log' status='pass'>
					<td class='status pass' title='pass' alt='pass'><i class='material-icons'>check_circle</i></td>
					<td class='timestamp'>1:09:27 PM</td>
					<td class='step-details'>com.aventstack.extentreports.ExtentTest@ecf9049</td>
				</tr>
				<tr class='log' status='pass'>
					<td class='status pass' title='pass' alt='pass'><i class='material-icons'>check_circle</i></td>
					<td class='timestamp'>1:09:28 PM</td>
					<td class='step-details'>com.aventstack.extentreports.ExtentTest@ecf9049</td>
				</tr>
				<tr class='log' status='pass'>
					<td class='status pass' title='pass' alt='pass'><i class='material-icons'>check_circle</i></td>
					<td class='timestamp'>1:09:28 PM</td>
					<td class='step-details'>New address 1 added</td>
				</tr>
				<tr class='log' status='pass'>
					<td class='status pass' title='pass' alt='pass'><i class='material-icons'>check_circle</i></td>
					<td class='timestamp'>1:10:35 PM</td>
					<td class='step-details'>While adding new address submit and cancel CTA is present and update CTA is not displayed</td>
				</tr>
				<tr class='log' status='pass'>
					<td class='status pass' title='pass' alt='pass'><i class='material-icons'>check_circle</i></td>
					<td class='timestamp'>1:10:38 PM</td>
					<td class='step-details'>com.aventstack.extentreports.ExtentTest@ecf9049</td>
				</tr>
				<tr class='log' status='pass'>
					<td class='status pass' title='pass' alt='pass'><i class='material-icons'>check_circle</i></td>
					<td class='timestamp'>1:10:38 PM</td>
					<td class='step-details'>com.aventstack.extentreports.ExtentTest@ecf9049</td>
				</tr>
				<tr class='log' status='pass'>
					<td class='status pass' title='pass' alt='pass'><i class='material-icons'>check_circle</i></td>
					<td class='timestamp'>1:10:42 PM</td>
					<td class='step-details'>All the new address details are entered in the corresponding fields</td>
				</tr>
				<tr class='log' status='pass'>
					<td class='status pass' title='pass' alt='pass'><i class='material-icons'>check_circle</i></td>
					<td class='timestamp'>1:10:47 PM</td>
					<td class='step-details'>New Address is added in the address Book</td>
				</tr>
				<tr class='log' status='pass'>
					<td class='status pass' title='pass' alt='pass'><i class='material-icons'>check_circle</i></td>
					<td class='timestamp'>1:10:47 PM</td>
					<td class='step-details'>com.aventstack.extentreports.ExtentTest@ecf9049</td>
				</tr>
				<tr class='log' status='pass'>
					<td class='status pass' title='pass' alt='pass'><i class='material-icons'>check_circle</i></td>
					<td class='timestamp'>1:10:47 PM</td>
					<td class='step-details'>com.aventstack.extentreports.ExtentTest@ecf9049</td>
				</tr>
				<tr class='log' status='pass'>
					<td class='status pass' title='pass' alt='pass'><i class='material-icons'>check_circle</i></td>
					<td class='timestamp'>1:10:47 PM</td>
					<td class='step-details'>Address to be removed has been added</td>
				</tr>
				<tr class='log' status='pass'>
					<td class='status pass' title='pass' alt='pass'><i class='material-icons'>check_circle</i></td>
					<td class='timestamp'>1:11:30 PM</td>
					<td class='step-details'>Address is removed in the address Book</td>
				</tr>
				<tr class='log' status='pass'>
					<td class='status pass' title='pass' alt='pass'><i class='material-icons'>check_circle</i></td>
					<td class='timestamp'>1:11:31 PM</td>
					<td class='step-details'>com.aventstack.extentreports.ExtentTest@ecf9049</td>
				</tr>
				<tr class='log' status='pass'>
					<td class='status pass' title='pass' alt='pass'><i class='material-icons'>check_circle</i></td>
					<td class='timestamp'>1:11:31 PM</td>
					<td class='step-details'>Script Completed</td>
				</tr>
			</tbody>
		</table>
	</div>
							<ul class='screenshots'>
								<li><img data-featherlight='C:\ACME_Eclipse\ACME_2//Test-ScreenShots//08_11_18_13_09_18.png' width='10%' src='C:\ACME_Eclipse\ACME_2//Test-ScreenShots//08_11_18_13_09_18.png' data-src='C:\ACME_Eclipse\ACME_2//Test-ScreenShots//08_11_18_13_09_18.png'></li>
								<li><img data-featherlight='C:\ACME_Eclipse\ACME_2//Test-ScreenShots//08_11_18_13_09_19.png' width='10%' src='C:\ACME_Eclipse\ACME_2//Test-ScreenShots//08_11_18_13_09_19.png' data-src='C:\ACME_Eclipse\ACME_2//Test-ScreenShots//08_11_18_13_09_19.png'></li>
								<li><img data-featherlight='C:\ACME_Eclipse\ACME_2//Test-ScreenShots//08_11_18_13_09_27.png' width='10%' src='C:\ACME_Eclipse\ACME_2//Test-ScreenShots//08_11_18_13_09_27.png' data-src='C:\ACME_Eclipse\ACME_2//Test-ScreenShots//08_11_18_13_09_27.png'></li>
								<li><img data-featherlight='C:\ACME_Eclipse\ACME_2//Test-ScreenShots//08_11_18_13_09_27.png' width='10%' src='C:\ACME_Eclipse\ACME_2//Test-ScreenShots//08_11_18_13_09_27.png' data-src='C:\ACME_Eclipse\ACME_2//Test-ScreenShots//08_11_18_13_09_27.png'></li>
								<li><img data-featherlight='C:\ACME_Eclipse\ACME_2//Test-ScreenShots//08_11_18_13_10_37.png' width='10%' src='C:\ACME_Eclipse\ACME_2//Test-ScreenShots//08_11_18_13_10_37.png' data-src='C:\ACME_Eclipse\ACME_2//Test-ScreenShots//08_11_18_13_10_37.png'></li>
								<li><img data-featherlight='C:\ACME_Eclipse\ACME_2//Test-ScreenShots//08_11_18_13_10_38.png' width='10%' src='C:\ACME_Eclipse\ACME_2//Test-ScreenShots//08_11_18_13_10_38.png' data-src='C:\ACME_Eclipse\ACME_2//Test-ScreenShots//08_11_18_13_10_38.png'></li>
								<li><img data-featherlight='C:\ACME_Eclipse\ACME_2//Test-ScreenShots//08_11_18_13_10_47.png' width='10%' src='C:\ACME_Eclipse\ACME_2//Test-ScreenShots//08_11_18_13_10_47.png' data-src='C:\ACME_Eclipse\ACME_2//Test-ScreenShots//08_11_18_13_10_47.png'></li>
								<li><img data-featherlight='C:\ACME_Eclipse\ACME_2//Test-ScreenShots//08_11_18_13_10_47.png' width='10%' src='C:\ACME_Eclipse\ACME_2//Test-ScreenShots//08_11_18_13_10_47.png' data-src='C:\ACME_Eclipse\ACME_2//Test-ScreenShots//08_11_18_13_10_47.png'></li>
								<li><img data-featherlight='C:\ACME_Eclipse\ACME_2//Test-ScreenShots//08_11_18_13_11_30.png' width='10%' src='C:\ACME_Eclipse\ACME_2//Test-ScreenShots//08_11_18_13_11_30.png' data-src='C:\ACME_Eclipse\ACME_2//Test-ScreenShots//08_11_18_13_11_30.png'></li>
							</ul>
					</div>
				</li>
				
				
				<li class='test displayed active  pass' status='pass' bdd='false' test-id='9'>
					<div class='test-heading'>
						<span class='test-name'>MyAccount_addressBook_14</span>
						<span class='test-time'>Nov 8, 2018 01:12:22 PM</span>
						<span class='test-status right pass'>pass</span>
					</div>
					<div class='test-content hide'>
<div class='test-time-info'>
	<span class='label start-time'>Nov 8, 2018 01:12:22 PM</span>
	<span class='label end-time'>Nov 8, 2018 01:13:47 PM</span>
	<span class='label time-taken grey lighten-1 white-text'>0h 1m 25s+585ms</span>
</div>
	<div class='test-desc'>To restrict removal of address in Address book if only one address is saved </div>
	<div class='test-steps'>
		<table class='bordered table-results'>
			<thead>
				<tr>
					<th>Status</th>
					<th>Timestamp</th>
					<th>Details</th>
				</tr>
			</thead>
			<tbody>
				<tr class='log' status='pass'>
					<td class='status pass' title='pass' alt='pass'><i class='material-icons'>check_circle</i></td>
					<td class='timestamp'>1:12:41 PM</td>
					<td class='step-details'>SignInRegister_Link clicked</td>
				</tr>
				<tr class='log' status='pass'>
					<td class='status pass' title='pass' alt='pass'><i class='material-icons'>check_circle</i></td>
					<td class='timestamp'>1:13:05 PM</td>
					<td class='step-details'>Login success 
 UserName :abooknoaddr@yopmail.comPassword: P@ssw0rd</td>
				</tr>
				<tr class='log' status='pass'>
					<td class='status pass' title='pass' alt='pass'><i class='material-icons'>check_circle</i></td>
					<td class='timestamp'>1:13:05 PM</td>
					<td class='step-details'>Logged in as registered user</td>
				</tr>
				<tr class='log' status='pass'>
					<td class='status pass' title='pass' alt='pass'><i class='material-icons'>check_circle</i></td>
					<td class='timestamp'>1:13:47 PM</td>
					<td class='step-details'>com.aventstack.extentreports.ExtentTest@680362a</td>
				</tr>
				<tr class='log' status='pass'>
					<td class='status pass' title='pass' alt='pass'><i class='material-icons'>check_circle</i></td>
					<td class='timestamp'>1:13:47 PM</td>
					<td class='step-details'>Removal of address is restricted for the account with just one address</td>
				</tr>
				<tr class='log' status='pass'>
					<td class='status pass' title='pass' alt='pass'><i class='material-icons'>check_circle</i></td>
					<td class='timestamp'>1:13:47 PM</td>
					<td class='step-details'>Script Completed</td>
				</tr>
			</tbody>
		</table>
	</div>
							<ul class='screenshots'>
								<li><img data-featherlight='C:\ACME_Eclipse\ACME_2//Test-ScreenShots//08_11_18_13_13_47.png' width='10%' src='C:\ACME_Eclipse\ACME_2//Test-ScreenShots//08_11_18_13_13_47.png' data-src='C:\ACME_Eclipse\ACME_2//Test-ScreenShots//08_11_18_13_13_47.png'></li>
							</ul>
					</div>
				</li>
				
				
				<li class='test displayed active  pass' status='pass' bdd='false' test-id='10'>
					<div class='test-heading'>
						<span class='test-name'>MyAccount_creditCard_15</span>
						<span class='test-time'>Nov 8, 2018 01:14:46 PM</span>
						<span class='test-status right pass'>pass</span>
					</div>
					<div class='test-content hide'>
<div class='test-time-info'>
	<span class='label start-time'>Nov 8, 2018 01:14:46 PM</span>
	<span class='label end-time'>Nov 8, 2018 01:16:16 PM</span>
	<span class='label time-taken grey lighten-1 white-text'>0h 1m 29s+822ms</span>
</div>
	<div class='test-desc'>To check the UI of the Credit card information </div>
	<div class='test-steps'>
		<table class='bordered table-results'>
			<thead>
				<tr>
					<th>Status</th>
					<th>Timestamp</th>
					<th>Details</th>
				</tr>
			</thead>
			<tbody>
				<tr class='log' status='pass'>
					<td class='status pass' title='pass' alt='pass'><i class='material-icons'>check_circle</i></td>
					<td class='timestamp'>1:15:07 PM</td>
					<td class='step-details'>SignInRegister_Link clicked</td>
				</tr>
				<tr class='log' status='pass'>
					<td class='status pass' title='pass' alt='pass'><i class='material-icons'>check_circle</i></td>
					<td class='timestamp'>1:15:32 PM</td>
					<td class='step-details'>Login success 
 UserName :acmeautomation1@yopmail.comPassword: P@ssw0rd</td>
				</tr>
				<tr class='log' status='pass'>
					<td class='status pass' title='pass' alt='pass'><i class='material-icons'>check_circle</i></td>
					<td class='timestamp'>1:15:32 PM</td>
					<td class='step-details'>Logged in as registered user</td>
				</tr>
				<tr class='log' status='pass'>
					<td class='status pass' title='pass' alt='pass'><i class='material-icons'>check_circle</i></td>
					<td class='timestamp'>1:16:13 PM</td>
					<td class='step-details'>[[RemoteWebDriver: chrome on XP (eb13828fc7f58b3b32e55fda811d5407)] -> xpath: //div[@class='my_account']//h2[contains(text(),'My Credit Card')]]is present</td>
				</tr>
				<tr class='log' status='pass'>
					<td class='status pass' title='pass' alt='pass'><i class='material-icons'>check_circle</i></td>
					<td class='timestamp'>1:16:13 PM</td>
					<td class='step-details'>[[RemoteWebDriver: chrome on XP (eb13828fc7f58b3b32e55fda811d5407)] -> xpath: //div[@class='my_account']//h1[contains(text(),'Payment Method')]]is present</td>
				</tr>
				<tr class='log' status='pass'>
					<td class='status pass' title='pass' alt='pass'><i class='material-icons'>check_circle</i></td>
					<td class='timestamp'>1:16:13 PM</td>
					<td class='step-details'>[[RemoteWebDriver: chrome on XP (eb13828fc7f58b3b32e55fda811d5407)] -> xpath: //div[@class='my_account']//label[contains(text(),'Type of Payment')]]is present</td>
				</tr>
				<tr class='log' status='pass'>
					<td class='status pass' title='pass' alt='pass'><i class='material-icons'>check_circle</i></td>
					<td class='timestamp'>1:16:13 PM</td>
					<td class='step-details'>[[RemoteWebDriver: chrome on XP (eb13828fc7f58b3b32e55fda811d5407)] -> xpath: //div[@class='my_account']//table[@id='payMethodId']]is present</td>
				</tr>
				<tr class='log' status='pass'>
					<td class='status pass' title='pass' alt='pass'><i class='material-icons'>check_circle</i></td>
					<td class='timestamp'>1:16:13 PM</td>
					<td class='step-details'>[[RemoteWebDriver: chrome on XP (eb13828fc7f58b3b32e55fda811d5407)] -> xpath: //div[@class='my_account']//li[contains(text(),'You can store one credit card with your Acme Tools.com account for faster checkout. You will be required to enter your 3-4 digit security code during checkout.')]]is present</td>
				</tr>
				<tr class='log' status='pass'>
					<td class='status pass' title='pass' alt='pass'><i class='material-icons'>check_circle</i></td>
					<td class='timestamp'>1:16:13 PM</td>
					<td class='step-details'>[[RemoteWebDriver: chrome on XP (eb13828fc7f58b3b32e55fda811d5407)] -> xpath: //div[@class='my_account']//label[contains(text(),'Card number')]]is present</td>
				</tr>
				<tr class='log' status='pass'>
					<td class='status pass' title='pass' alt='pass'><i class='material-icons'>check_circle</i></td>
					<td class='timestamp'>1:16:13 PM</td>
					<td class='step-details'>[[RemoteWebDriver: chrome on XP (eb13828fc7f58b3b32e55fda811d5407)] -> name: pay_temp_account]is present</td>
				</tr>
				<tr class='log' status='pass'>
					<td class='status pass' title='pass' alt='pass'><i class='material-icons'>check_circle</i></td>
					<td class='timestamp'>1:16:13 PM</td>
					<td class='step-details'>[[RemoteWebDriver: chrome on XP (eb13828fc7f58b3b32e55fda811d5407)] -> xpath: //div[@class='my_account']//label[contains(text(),'Month')]]is present</td>
				</tr>
				<tr class='log' status='pass'>
					<td class='status pass' title='pass' alt='pass'><i class='material-icons'>check_circle</i></td>
					<td class='timestamp'>1:16:13 PM</td>
					<td class='step-details'>[[RemoteWebDriver: chrome on XP (eb13828fc7f58b3b32e55fda811d5407)] -> xpath: //div[@class='my_account']//table[@id='pay_expire_month']]is present</td>
				</tr>
				<tr class='log' status='pass'>
					<td class='status pass' title='pass' alt='pass'><i class='material-icons'>check_circle</i></td>
					<td class='timestamp'>1:16:13 PM</td>
					<td class='step-details'>[[RemoteWebDriver: chrome on XP (eb13828fc7f58b3b32e55fda811d5407)] -> xpath: //div[@class='my_account']//label[contains(text(),'Year')]]is present</td>
				</tr>
				<tr class='log' status='pass'>
					<td class='status pass' title='pass' alt='pass'><i class='material-icons'>check_circle</i></td>
					<td class='timestamp'>1:16:13 PM</td>
					<td class='step-details'>[[RemoteWebDriver: chrome on XP (eb13828fc7f58b3b32e55fda811d5407)] -> xpath: //div[@class='my_account']//table[@id='pay_expire_year']]is present</td>
				</tr>
				<tr class='log' status='pass'>
					<td class='status pass' title='pass' alt='pass'><i class='material-icons'>check_circle</i></td>
					<td class='timestamp'>1:16:13 PM</td>
					<td class='step-details'>[[RemoteWebDriver: chrome on XP (eb13828fc7f58b3b32e55fda811d5407)] -> xpath: //div[@id='my_account_billing']//h1[contains(text(),'Billing Address')]]is present</td>
				</tr>
				<tr class='log' status='pass'>
					<td class='status pass' title='pass' alt='pass'><i class='material-icons'>check_circle</i></td>
					<td class='timestamp'>1:16:13 PM</td>
					<td class='step-details'>[[RemoteWebDriver: chrome on XP (eb13828fc7f58b3b32e55fda811d5407)] -> xpath: //div[@id='my_account_billing']//label[contains(text(),'First name')]]is present</td>
				</tr>
				<tr class='log' status='pass'>
					<td class='status pass' title='pass' alt='pass'><i class='material-icons'>check_circle</i></td>
					<td class='timestamp'>1:16:13 PM</td>
					<td class='step-details'>[[RemoteWebDriver: chrome on XP (eb13828fc7f58b3b32e55fda811d5407)] -> name: billing_firstName]is present</td>
				</tr>
				<tr class='log' status='pass'>
					<td class='status pass' title='pass' alt='pass'><i class='material-icons'>check_circle</i></td>
					<td class='timestamp'>1:16:13 PM</td>
					<td class='step-details'>[[RemoteWebDriver: chrome on XP (eb13828fc7f58b3b32e55fda811d5407)] -> xpath: //div[@id='my_account_billing']//label[contains(text(),'Last name')]]is present</td>
				</tr>
				<tr class='log' status='pass'>
					<td class='status pass' title='pass' alt='pass'><i class='material-icons'>check_circle</i></td>
					<td class='timestamp'>1:16:14 PM</td>
					<td class='step-details'>[[RemoteWebDriver: chrome on XP (eb13828fc7f58b3b32e55fda811d5407)] -> name: billing_lastName]is present</td>
				</tr>
				<tr class='log' status='pass'>
					<td class='status pass' title='pass' alt='pass'><i class='material-icons'>check_circle</i></td>
					<td class='timestamp'>1:16:14 PM</td>
					<td class='step-details'>[[RemoteWebDriver: chrome on XP (eb13828fc7f58b3b32e55fda811d5407)] -> xpath: //div[@id='my_account_billing']//label[contains(text(),'Street address 1')]]is present</td>
				</tr>
				<tr class='log' status='pass'>
					<td class='status pass' title='pass' alt='pass'><i class='material-icons'>check_circle</i></td>
					<td class='timestamp'>1:16:14 PM</td>
					<td class='step-details'>[[RemoteWebDriver: chrome on XP (eb13828fc7f58b3b32e55fda811d5407)] -> name: billing_address1]is present</td>
				</tr>
				<tr class='log' status='pass'>
					<td class='status pass' title='pass' alt='pass'><i class='material-icons'>check_circle</i></td>
					<td class='timestamp'>1:16:14 PM</td>
					<td class='step-details'>[[RemoteWebDriver: chrome on XP (eb13828fc7f58b3b32e55fda811d5407)] -> xpath: //div[@id='my_account_billing']//label[contains(text(),'Street address 2')]]is present</td>
				</tr>
				<tr class='log' status='pass'>
					<td class='status pass' title='pass' alt='pass'><i class='material-icons'>check_circle</i></td>
					<td class='timestamp'>1:16:14 PM</td>
					<td class='step-details'>[[RemoteWebDriver: chrome on XP (eb13828fc7f58b3b32e55fda811d5407)] -> name: billing_address2]is present</td>
				</tr>
				<tr class='log' status='pass'>
					<td class='status pass' title='pass' alt='pass'><i class='material-icons'>check_circle</i></td>
					<td class='timestamp'>1:16:14 PM</td>
					<td class='step-details'>[[RemoteWebDriver: chrome on XP (eb13828fc7f58b3b32e55fda811d5407)] -> xpath: //div[@id='my_account_billing']//label[contains(text(),'City')]]is present</td>
				</tr>
				<tr class='log' status='pass'>
					<td class='status pass' title='pass' alt='pass'><i class='material-icons'>check_circle</i></td>
					<td class='timestamp'>1:16:14 PM</td>
					<td class='step-details'>[[RemoteWebDriver: chrome on XP (eb13828fc7f58b3b32e55fda811d5407)] -> name: billing_city]is present</td>
				</tr>
				<tr class='log' status='pass'>
					<td class='status pass' title='pass' alt='pass'><i class='material-icons'>check_circle</i></td>
					<td class='timestamp'>1:16:14 PM</td>
					<td class='step-details'>[[RemoteWebDriver: chrome on XP (eb13828fc7f58b3b32e55fda811d5407)] -> xpath: //div[@id='my_account_billing']//label[contains(text(),'State')]]is NOT present</td>
				</tr>
				<tr class='log' status='pass'>
					<td class='status pass' title='pass' alt='pass'><i class='material-icons'>check_circle</i></td>
					<td class='timestamp'>1:16:14 PM</td>
					<td class='step-details'>[[RemoteWebDriver: chrome on XP (eb13828fc7f58b3b32e55fda811d5407)] -> xpath: //div[@id='my_account_billing']//label[contains(text(),'ZIP code')]]is present</td>
				</tr>
				<tr class='log' status='pass'>
					<td class='status pass' title='pass' alt='pass'><i class='material-icons'>check_circle</i></td>
					<td class='timestamp'>1:16:14 PM</td>
					<td class='step-details'>[[RemoteWebDriver: chrome on XP (eb13828fc7f58b3b32e55fda811d5407)] -> name: billing_zipCode]is present</td>
				</tr>
				<tr class='log' status='pass'>
					<td class='status pass' title='pass' alt='pass'><i class='material-icons'>check_circle</i></td>
					<td class='timestamp'>1:16:14 PM</td>
					<td class='step-details'>[[RemoteWebDriver: chrome on XP (eb13828fc7f58b3b32e55fda811d5407)] -> xpath: //div[@id='my_account_billing']//label[contains(text(),'Email')]]is present</td>
				</tr>
				<tr class='log' status='pass'>
					<td class='status pass' title='pass' alt='pass'><i class='material-icons'>check_circle</i></td>
					<td class='timestamp'>1:16:14 PM</td>
					<td class='step-details'>[[RemoteWebDriver: chrome on XP (eb13828fc7f58b3b32e55fda811d5407)] -> name: billing_email1]is present</td>
				</tr>
				<tr class='log' status='pass'>
					<td class='status pass' title='pass' alt='pass'><i class='material-icons'>check_circle</i></td>
					<td class='timestamp'>1:16:14 PM</td>
					<td class='step-details'>[[RemoteWebDriver: chrome on XP (eb13828fc7f58b3b32e55fda811d5407)] -> name: billing_phone1]is present</td>
				</tr>
				<tr class='log' status='pass'>
					<td class='status pass' title='pass' alt='pass'><i class='material-icons'>check_circle</i></td>
					<td class='timestamp'>1:16:14 PM</td>
					<td class='step-details'>[[RemoteWebDriver: chrome on XP (eb13828fc7f58b3b32e55fda811d5407)] -> xpath: //div[@id='my_account_shipping']//h1[contains(text(),'Shipping Address')]]is present</td>
				</tr>
				<tr class='log' status='pass'>
					<td class='status pass' title='pass' alt='pass'><i class='material-icons'>check_circle</i></td>
					<td class='timestamp'>1:16:14 PM</td>
					<td class='step-details'>[[RemoteWebDriver: chrome on XP (eb13828fc7f58b3b32e55fda811d5407)] -> xpath: //div[@id='my_account_shipping']//input[@id='SameShippingAndBillingAddress']]is present</td>
				</tr>
				<tr class='log' status='pass'>
					<td class='status pass' title='pass' alt='pass'><i class='material-icons'>check_circle</i></td>
					<td class='timestamp'>1:16:15 PM</td>
					<td class='step-details'>[[RemoteWebDriver: chrome on XP (eb13828fc7f58b3b32e55fda811d5407)] -> xpath: //div[@id='my_account_shipping']//span[contains(text(),'Same as my shipping address')]]is present</td>
				</tr>
				<tr class='log' status='pass'>
					<td class='status pass' title='pass' alt='pass'><i class='material-icons'>check_circle</i></td>
					<td class='timestamp'>1:16:15 PM</td>
					<td class='step-details'>[[RemoteWebDriver: chrome on XP (eb13828fc7f58b3b32e55fda811d5407)] -> xpath: //div[@id='my_account_shipping']//label[contains(text(),'First name')]]is present</td>
				</tr>
				<tr class='log' status='pass'>
					<td class='status pass' title='pass' alt='pass'><i class='material-icons'>check_circle</i></td>
					<td class='timestamp'>1:16:15 PM</td>
					<td class='step-details'>[[RemoteWebDriver: chrome on XP (eb13828fc7f58b3b32e55fda811d5407)] -> name: shipping_firstName]is present</td>
				</tr>
				<tr class='log' status='pass'>
					<td class='status pass' title='pass' alt='pass'><i class='material-icons'>check_circle</i></td>
					<td class='timestamp'>1:16:15 PM</td>
					<td class='step-details'>[[RemoteWebDriver: chrome on XP (eb13828fc7f58b3b32e55fda811d5407)] -> xpath: //div[@id='my_account_shipping']//label[contains(text(),'Last name')]]is present</td>
				</tr>
				<tr class='log' status='pass'>
					<td class='status pass' title='pass' alt='pass'><i class='material-icons'>check_circle</i></td>
					<td class='timestamp'>1:16:15 PM</td>
					<td class='step-details'>[[RemoteWebDriver: chrome on XP (eb13828fc7f58b3b32e55fda811d5407)] -> name: shipping_lastName]is present</td>
				</tr>
				<tr class='log' status='pass'>
					<td class='status pass' title='pass' alt='pass'><i class='material-icons'>check_circle</i></td>
					<td class='timestamp'>1:16:15 PM</td>
					<td class='step-details'>[[RemoteWebDriver: chrome on XP (eb13828fc7f58b3b32e55fda811d5407)] -> xpath: //div[@id='my_account_shipping']//label[contains(text(),'Street address 1')]]is present</td>
				</tr>
				<tr class='log' status='pass'>
					<td class='status pass' title='pass' alt='pass'><i class='material-icons'>check_circle</i></td>
					<td class='timestamp'>1:16:15 PM</td>
					<td class='step-details'>[[RemoteWebDriver: chrome on XP (eb13828fc7f58b3b32e55fda811d5407)] -> name: shipping_address1]is present</td>
				</tr>
				<tr class='log' status='pass'>
					<td class='status pass' title='pass' alt='pass'><i class='material-icons'>check_circle</i></td>
					<td class='timestamp'>1:16:15 PM</td>
					<td class='step-details'>[[RemoteWebDriver: chrome on XP (eb13828fc7f58b3b32e55fda811d5407)] -> xpath: //div[@id='my_account_shipping']//label[contains(text(),'Street address 2')]]is present</td>
				</tr>
				<tr class='log' status='pass'>
					<td class='status pass' title='pass' alt='pass'><i class='material-icons'>check_circle</i></td>
					<td class='timestamp'>1:16:15 PM</td>
					<td class='step-details'>[[RemoteWebDriver: chrome on XP (eb13828fc7f58b3b32e55fda811d5407)] -> name: shipping_address2]is present</td>
				</tr>
				<tr class='log' status='pass'>
					<td class='status pass' title='pass' alt='pass'><i class='material-icons'>check_circle</i></td>
					<td class='timestamp'>1:16:15 PM</td>
					<td class='step-details'>[[RemoteWebDriver: chrome on XP (eb13828fc7f58b3b32e55fda811d5407)] -> xpath: //div[@id='my_account_shipping']//label[contains(text(),'City')]]is present</td>
				</tr>
				<tr class='log' status='pass'>
					<td class='status pass' title='pass' alt='pass'><i class='material-icons'>check_circle</i></td>
					<td class='timestamp'>1:16:15 PM</td>
					<td class='step-details'>[[RemoteWebDriver: chrome on XP (eb13828fc7f58b3b32e55fda811d5407)] -> name: shipping_city]is present</td>
				</tr>
				<tr class='log' status='pass'>
					<td class='status pass' title='pass' alt='pass'><i class='material-icons'>check_circle</i></td>
					<td class='timestamp'>1:16:15 PM</td>
					<td class='step-details'>[[RemoteWebDriver: chrome on XP (eb13828fc7f58b3b32e55fda811d5407)] -> xpath: //div[@id='my_account_shipping']//label[contains(text(),'State')]]is NOT present</td>
				</tr>
				<tr class='log' status='pass'>
					<td class='status pass' title='pass' alt='pass'><i class='material-icons'>check_circle</i></td>
					<td class='timestamp'>1:16:15 PM</td>
					<td class='step-details'>[[RemoteWebDriver: chrome on XP (eb13828fc7f58b3b32e55fda811d5407)] -> xpath: //div[@id='my_account_shipping']//label[contains(text(),'ZIP code')]]is present</td>
				</tr>
				<tr class='log' status='pass'>
					<td class='status pass' title='pass' alt='pass'><i class='material-icons'>check_circle</i></td>
					<td class='timestamp'>1:16:15 PM</td>
					<td class='step-details'>[[RemoteWebDriver: chrome on XP (eb13828fc7f58b3b32e55fda811d5407)] -> name: shipping_zipCode]is present</td>
				</tr>
				<tr class='log' status='pass'>
					<td class='status pass' title='pass' alt='pass'><i class='material-icons'>check_circle</i></td>
					<td class='timestamp'>1:16:15 PM</td>
					<td class='step-details'>[[RemoteWebDriver: chrome on XP (eb13828fc7f58b3b32e55fda811d5407)] -> xpath: //div[@id='my_account_shipping']//label[contains(text(),'Email')]]is present</td>
				</tr>
				<tr class='log' status='pass'>
					<td class='status pass' title='pass' alt='pass'><i class='material-icons'>check_circle</i></td>
					<td class='timestamp'>1:16:16 PM</td>
					<td class='step-details'>[[RemoteWebDriver: chrome on XP (eb13828fc7f58b3b32e55fda811d5407)] -> name: shipping_email1]is present</td>
				</tr>
				<tr class='log' status='pass'>
					<td class='status pass' title='pass' alt='pass'><i class='material-icons'>check_circle</i></td>
					<td class='timestamp'>1:16:16 PM</td>
					<td class='step-details'>[[RemoteWebDriver: chrome on XP (eb13828fc7f58b3b32e55fda811d5407)] -> xpath: //div[@id='my_account_shipping']//label[contains(text(),'Phone number')]]is present</td>
				</tr>
				<tr class='log' status='pass'>
					<td class='status pass' title='pass' alt='pass'><i class='material-icons'>check_circle</i></td>
					<td class='timestamp'>1:16:16 PM</td>
					<td class='step-details'>[[RemoteWebDriver: chrome on XP (eb13828fc7f58b3b32e55fda811d5407)] -> name: shipping_phone1]is present</td>
				</tr>
				<tr class='log' status='pass'>
					<td class='status pass' title='pass' alt='pass'><i class='material-icons'>check_circle</i></td>
					<td class='timestamp'>1:16:16 PM</td>
					<td class='step-details'>[[RemoteWebDriver: chrome on XP (eb13828fc7f58b3b32e55fda811d5407)] -> xpath: //a[contains(text(),'Update')]]is present</td>
				</tr>
				<tr class='log' status='pass'>
					<td class='status pass' title='pass' alt='pass'><i class='material-icons'>check_circle</i></td>
					<td class='timestamp'>1:16:16 PM</td>
					<td class='step-details'>UI validations of My Credit card information is complete</td>
				</tr>
				<tr class='log' status='pass'>
					<td class='status pass' title='pass' alt='pass'><i class='material-icons'>check_circle</i></td>
					<td class='timestamp'>1:16:16 PM</td>
					<td class='step-details'>com.aventstack.extentreports.ExtentTest@1e411d81</td>
				</tr>
				<tr class='log' status='pass'>
					<td class='status pass' title='pass' alt='pass'><i class='material-icons'>check_circle</i></td>
					<td class='timestamp'>1:16:16 PM</td>
					<td class='step-details'>Script Completed</td>
				</tr>
			</tbody>
		</table>
	</div>
							<ul class='screenshots'>
								<li><img data-featherlight='C:\ACME_Eclipse\ACME_2//Test-ScreenShots//08_11_18_13_16_16.png' width='10%' src='C:\ACME_Eclipse\ACME_2//Test-ScreenShots//08_11_18_13_16_16.png' data-src='C:\ACME_Eclipse\ACME_2//Test-ScreenShots//08_11_18_13_16_16.png'></li>
							</ul>
					</div>
				</li>
				
				
				<li class='test displayed active  fail' status='fail' bdd='false' test-id='11'>
					<div class='test-heading'>
						<span class='test-name'>MyAccount_creditCard_16</span>
						<span class='test-time'>Nov 8, 2018 01:17:34 PM</span>
						<span class='test-status right fail'>fail</span>
					</div>
					<div class='test-content hide'>
<div class='test-time-info'>
	<span class='label start-time'>Nov 8, 2018 01:17:34 PM</span>
	<span class='label end-time'>Nov 8, 2018 01:19:13 PM</span>
	<span class='label time-taken grey lighten-1 white-text'>0h 1m 39s+584ms</span>
</div>
	<div class='test-desc'>To Add new credit card information in My Account </div>
	<div class='test-steps'>
		<table class='bordered table-results'>
			<thead>
				<tr>
					<th>Status</th>
					<th>Timestamp</th>
					<th>Details</th>
				</tr>
			</thead>
			<tbody>
				<tr class='log' status='pass'>
					<td class='status pass' title='pass' alt='pass'><i class='material-icons'>check_circle</i></td>
					<td class='timestamp'>1:17:48 PM</td>
					<td class='step-details'>SignInRegister_Link clicked</td>
				</tr>
				<tr class='log' status='pass'>
					<td class='status pass' title='pass' alt='pass'><i class='material-icons'>check_circle</i></td>
					<td class='timestamp'>1:18:06 PM</td>
					<td class='step-details'>Login success 
 UserName :acmenoorders@yopmail.comPassword: P@ssw0rd</td>
				</tr>
				<tr class='log' status='pass'>
					<td class='status pass' title='pass' alt='pass'><i class='material-icons'>check_circle</i></td>
					<td class='timestamp'>1:18:06 PM</td>
					<td class='step-details'>Logged in as registered user</td>
				</tr>
				<tr class='log' status='pass'>
					<td class='status pass' title='pass' alt='pass'><i class='material-icons'>check_circle</i></td>
					<td class='timestamp'>1:19:06 PM</td>
					<td class='step-details'>Test data loaded</td>
				</tr>
				<tr class='log' status='pass'>
					<td class='status pass' title='pass' alt='pass'><i class='material-icons'>check_circle</i></td>
					<td class='timestamp'>1:19:07 PM</td>
					<td class='step-details'>Legacy credit card info details are cleared</td>
				</tr>
				<tr class='log' status='pass'>
					<td class='status pass' title='pass' alt='pass'><i class='material-icons'>check_circle</i></td>
					<td class='timestamp'>1:19:10 PM</td>
					<td class='step-details'>com.aventstack.extentreports.ExtentTest@ddf20fd</td>
				</tr>
				<tr class='log' status='pass'>
					<td class='status pass' title='pass' alt='pass'><i class='material-icons'>check_circle</i></td>
					<td class='timestamp'>1:19:10 PM</td>
					<td class='step-details'>Test data entered successfully</td>
				</tr>
				<tr class='log' status='pass'>
					<td class='status pass' title='pass' alt='pass'><i class='material-icons'>check_circle</i></td>
					<td class='timestamp'>1:19:13 PM</td>
					<td class='step-details'>com.aventstack.extentreports.ExtentTest@ddf20fd</td>
				</tr>
				<tr class='log' status='fail'>
					<td class='status fail' title='fail' alt='fail'><i class='material-icons'>cancel</i></td>
					<td class='timestamp'>1:19:13 PM</td>
					<td class='step-details'><pre>org.openqa.selenium.NoSuchElementException: no such element: Unable to locate element: {"method":"class name","selector":"myaccount_title"}
  (Session info: chrome=70.0.3538.77)
  (Driver info: chromedriver=2.42.591088 (7b2b2dca23cca0862f674758c9a3933e685c27d5),platform=Windows NT 6.1.7601 SP1 x86_64) (WARNING: The server did not provide any stacktrace information)
Command duration or timeout: 26 milliseconds
For documentation on this error, please visit: http://seleniumhq.org/exceptions/no_such_element.html
Build info: version: '2.53.1', revision: 'a36b8b1cd5757287168e54b817830adce9b0158d', time: '2016-06-30 19:26:09'
System info: host: 'WIN-81NG0PGA72A', ip: '172.17.1.28', os.name: 'Windows 7', os.arch: 'amd64', os.version: '6.1', java.version: '1.8.0_181'
Driver info: org.openqa.selenium.remote.RemoteWebDriver
Capabilities [{mobileEmulationEnabled=false, hasTouchScreen=false, platform=XP, acceptSslCerts=false, goog:chromeOptions={debuggerAddress=localhost:56787}, acceptInsecureCerts=false, webStorageEnabled=true, browserName=chrome, takesScreenshot=true, javascriptEnabled=true, setWindowRect=true, unexpectedAlertBehaviour=, applicationCacheEnabled=false, rotatable=false, networkConnectionEnabled=false, chrome={chromedriverVersion=2.42.591088 (7b2b2dca23cca0862f674758c9a3933e685c27d5), userDataDir=C:\Users\P01242\AppData\Local\Temp\scoped_dir2304_25028}, takesHeapSnapshot=true, pageLoadStrategy=normal, databaseEnabled=false, handlesAlerts=true, version=70.0.3538.77, browserConnectionEnabled=false, nativeEvents=true, webdriver.remote.sessionid=b0434a27127c40fa61433d00a2d897fc, locationContextEnabled=true, cssSelectorsEnabled=true}]
Session ID: b0434a27127c40fa61433d00a2d897fc
*** Element info: {Using=class name, value=myaccount_title}
	at sun.reflect.GeneratedConstructorAccessor32.newInstance(Unknown Source)
	at sun.reflect.DelegatingConstructorAccessorImpl.newInstance(Unknown Source)
	at java.lang.reflect.Constructor.newInstance(Unknown Source)
	at org.openqa.selenium.remote.ErrorHandler.createThrowable(ErrorHandler.java:206)
	at org.openqa.selenium.remote.ErrorHandler.throwIfResponseFailed(ErrorHandler.java:158)
	at org.openqa.selenium.remote.RemoteWebDriver.execute(RemoteWebDriver.java:678)
	at org.openqa.selenium.remote.RemoteWebDriver.findElement(RemoteWebDriver.java:363)
	at org.openqa.selenium.remote.RemoteWebDriver.findElementByClassName(RemoteWebDriver.java:477)
	at org.openqa.selenium.By$ByClassName.findElement(By.java:391)
	at org.openqa.selenium.remote.RemoteWebDriver.findElement(RemoteWebDriver.java:355)
	at org.openqa.selenium.support.pagefactory.DefaultElementLocator.findElement(DefaultElementLocator.java:69)
	at org.openqa.selenium.support.pagefactory.internal.LocatingElementHandler.invoke(LocatingElementHandler.java:38)
	at com.sun.proxy.$Proxy8.isDisplayed(Unknown Source)
	at utilities.BaseTest.ElementPresent(BaseTest.java:213)
	at Testcases.MyAccountScripts.myAcc_creditCard_addNewCreditCardInfo(MyAccountScripts.java:323)
	at sun.reflect.NativeMethodAccessorImpl.invoke0(Native Method)
	at sun.reflect.NativeMethodAccessorImpl.invoke(Unknown Source)
	at sun.reflect.DelegatingMethodAccessorImpl.invoke(Unknown Source)
	at java.lang.reflect.Method.invoke(Unknown Source)
	at org.testng.internal.MethodInvocationHelper.invokeMethod(MethodInvocationHelper.java:124)
	at org.testng.internal.Invoker.invokeMethod(Invoker.java:580)
	at org.testng.internal.Invoker.invokeTestMethod(Invoker.java:716)
	at org.testng.internal.Invoker.invokeTestMethods(Invoker.java:988)
	at org.testng.internal.TestMethodWorker.invokeTestMethods(TestMethodWorker.java:125)
	at org.testng.internal.TestMethodWorker.run(TestMethodWorker.java:109)
	at org.testng.TestRunner.privateRun(TestRunner.java:648)
	at org.testng.TestRunner.run(TestRunner.java:505)
	at org.testng.SuiteRunner.runTest(SuiteRunner.java:455)
	at org.testng.SuiteRunner.runSequentially(SuiteRunner.java:450)
	at org.testng.SuiteRunner.privateRun(SuiteRunner.java:415)
	at org.testng.SuiteRunner.run(SuiteRunner.java:364)
	at org.testng.SuiteRunnerWorker.runSuite(SuiteRunnerWorker.java:52)
	at org.testng.SuiteRunnerWorker.run(SuiteRunnerWorker.java:84)
	at org.testng.TestNG.runSuitesSequentially(TestNG.java:1208)
	at org.testng.TestNG.runSuitesLocally(TestNG.java:1137)
	at org.testng.TestNG.runSuites(TestNG.java:1049)
	at org.testng.TestNG.run(TestNG.java:1017)
	at org.testng.remote.AbstractRemoteTestNG.run(AbstractRemoteTestNG.java:114)
	at org.testng.remote.RemoteTestNG.initAndRun(RemoteTestNG.java:251)
	at org.testng.remote.RemoteTestNG.main(RemoteTestNG.java:77)
</pre></td>
				</tr>
			</tbody>
		</table>
	</div>
							<ul class='screenshots'>
								<li><img data-featherlight='C:\ACME_Eclipse\ACME_2//Test-ScreenShots//08_11_18_13_19_10.png' width='10%' src='C:\ACME_Eclipse\ACME_2//Test-ScreenShots//08_11_18_13_19_10.png' data-src='C:\ACME_Eclipse\ACME_2//Test-ScreenShots//08_11_18_13_19_10.png'></li>
								<li><img data-featherlight='C:\ACME_Eclipse\ACME_2//Test-ScreenShots//08_11_18_13_19_13.png' width='10%' src='C:\ACME_Eclipse\ACME_2//Test-ScreenShots//08_11_18_13_19_13.png' data-src='C:\ACME_Eclipse\ACME_2//Test-ScreenShots//08_11_18_13_19_13.png'></li>
							</ul>
					</div>
				</li>
				
				
				<li class='test displayed active  fail' status='fail' bdd='false' test-id='12'>
					<div class='test-heading'>
						<span class='test-name'>MyAccount_Summary_001</span>
						<span class='test-time'>Nov 8, 2018 01:20:08 PM</span>
						<span class='test-status right fail'>fail</span>
					</div>
					<div class='test-content hide'>
<div class='test-time-info'>
	<span class='label start-time'>Nov 8, 2018 01:20:08 PM</span>
	<span class='label end-time'>Nov 8, 2018 01:21:01 PM</span>
	<span class='label time-taken grey lighten-1 white-text'>0h 0m 53s+460ms</span>
</div>
	<div class='test-desc'>To verify the my Account Summary UI </div>
	<div class='test-steps'>
		<table class='bordered table-results'>
			<thead>
				<tr>
					<th>Status</th>
					<th>Timestamp</th>
					<th>Details</th>
				</tr>
			</thead>
			<tbody>
				<tr class='log' status='pass'>
					<td class='status pass' title='pass' alt='pass'><i class='material-icons'>check_circle</i></td>
					<td class='timestamp'>1:20:44 PM</td>
					<td class='step-details'>SignInRegister_Link clicked</td>
				</tr>
				<tr class='log' status='pass'>
					<td class='status pass' title='pass' alt='pass'><i class='material-icons'>check_circle</i></td>
					<td class='timestamp'>1:21:00 PM</td>
					<td class='step-details'>Login success 
 UserName :acmeautomation1@yopmail.comPassword: P@ssw0rd</td>
				</tr>
				<tr class='log' status='pass'>
					<td class='status pass' title='pass' alt='pass'><i class='material-icons'>check_circle</i></td>
					<td class='timestamp'>1:21:00 PM</td>
					<td class='step-details'>Logged in as registered user</td>
				</tr>
				<tr class='log' status='pass'>
					<td class='status pass' title='pass' alt='pass'><i class='material-icons'>check_circle</i></td>
					<td class='timestamp'>1:21:00 PM</td>
					<td class='step-details'>My Account Summary title verified</td>
				</tr>
				<tr class='log' status='pass'>
					<td class='status pass' title='pass' alt='pass'><i class='material-icons'>check_circle</i></td>
					<td class='timestamp'>1:21:00 PM</td>
					<td class='step-details'>Description welcome text of My Account Summary is verified</td>
				</tr>
				<tr class='log' status='pass'>
					<td class='status pass' title='pass' alt='pass'><i class='material-icons'>check_circle</i></td>
					<td class='timestamp'>1:21:01 PM</td>
					<td class='step-details'>Description Summary  text of My Account Summary is verified</td>
				</tr>
				<tr class='log' status='pass'>
					<td class='status pass' title='pass' alt='pass'><i class='material-icons'>check_circle</i></td>
					<td class='timestamp'>1:21:01 PM</td>
					<td class='step-details'>com.aventstack.extentreports.ExtentTest@f973499</td>
				</tr>
				<tr class='log' status='fail'>
					<td class='status fail' title='fail' alt='fail'><i class='material-icons'>cancel</i></td>
					<td class='timestamp'>1:21:01 PM</td>
					<td class='step-details'><pre>org.openqa.selenium.NoSuchElementException: no such element: Unable to locate element: {"method":"xpath","selector":"span[text()='Personal Information']"}
  (Session info: chrome=70.0.3538.77)
  (Driver info: chromedriver=2.42.591088 (7b2b2dca23cca0862f674758c9a3933e685c27d5),platform=Windows NT 6.1.7601 SP1 x86_64) (WARNING: The server did not provide any stacktrace information)
Command duration or timeout: 23 milliseconds
For documentation on this error, please visit: http://seleniumhq.org/exceptions/no_such_element.html
Build info: version: '2.53.1', revision: 'a36b8b1cd5757287168e54b817830adce9b0158d', time: '2016-06-30 19:26:09'
System info: host: 'WIN-81NG0PGA72A', ip: '172.17.1.28', os.name: 'Windows 7', os.arch: 'amd64', os.version: '6.1', java.version: '1.8.0_181'
Driver info: org.openqa.selenium.remote.RemoteWebDriver
Capabilities [{mobileEmulationEnabled=false, hasTouchScreen=false, platform=XP, acceptSslCerts=false, goog:chromeOptions={debuggerAddress=localhost:57216}, acceptInsecureCerts=false, webStorageEnabled=true, browserName=chrome, takesScreenshot=true, javascriptEnabled=true, setWindowRect=true, unexpectedAlertBehaviour=, applicationCacheEnabled=false, rotatable=false, networkConnectionEnabled=false, chrome={chromedriverVersion=2.42.591088 (7b2b2dca23cca0862f674758c9a3933e685c27d5), userDataDir=C:\Users\P01242\AppData\Local\Temp\scoped_dir8392_14085}, takesHeapSnapshot=true, pageLoadStrategy=normal, databaseEnabled=false, handlesAlerts=true, version=70.0.3538.77, browserConnectionEnabled=false, nativeEvents=true, webdriver.remote.sessionid=0cb18fda61b03f4cef63e8588bb2bd24, locationContextEnabled=true, cssSelectorsEnabled=true}]
Session ID: 0cb18fda61b03f4cef63e8588bb2bd24
*** Element info: {Using=xpath, value=span[text()='Personal Information']}
	at sun.reflect.GeneratedConstructorAccessor32.newInstance(Unknown Source)
	at sun.reflect.DelegatingConstructorAccessorImpl.newInstance(Unknown Source)
	at java.lang.reflect.Constructor.newInstance(Unknown Source)
	at org.openqa.selenium.remote.ErrorHandler.createThrowable(ErrorHandler.java:206)
	at org.openqa.selenium.remote.ErrorHandler.throwIfResponseFailed(ErrorHandler.java:158)
	at org.openqa.selenium.remote.RemoteWebDriver.execute(RemoteWebDriver.java:678)
	at org.openqa.selenium.remote.RemoteWebDriver.findElement(RemoteWebDriver.java:363)
	at org.openqa.selenium.remote.RemoteWebDriver.findElementByXPath(RemoteWebDriver.java:500)
	at org.openqa.selenium.By$ByXPath.findElement(By.java:361)
	at org.openqa.selenium.remote.RemoteWebDriver.findElement(RemoteWebDriver.java:355)
	at org.openqa.selenium.support.pagefactory.DefaultElementLocator.findElement(DefaultElementLocator.java:69)
	at org.openqa.selenium.support.pagefactory.internal.LocatingElementHandler.invoke(LocatingElementHandler.java:38)
	at com.sun.proxy.$Proxy8.isDisplayed(Unknown Source)
	at utilities.BaseTest.ElementPresent(BaseTest.java:213)
	at Testcases.MyAccountScripts.myAccountSummary(MyAccountScripts.java:32)
	at sun.reflect.NativeMethodAccessorImpl.invoke0(Native Method)
	at sun.reflect.NativeMethodAccessorImpl.invoke(Unknown Source)
	at sun.reflect.DelegatingMethodAccessorImpl.invoke(Unknown Source)
	at java.lang.reflect.Method.invoke(Unknown Source)
	at org.testng.internal.MethodInvocationHelper.invokeMethod(MethodInvocationHelper.java:124)
	at org.testng.internal.Invoker.invokeMethod(Invoker.java:580)
	at org.testng.internal.Invoker.invokeTestMethod(Invoker.java:716)
	at org.testng.internal.Invoker.invokeTestMethods(Invoker.java:988)
	at org.testng.internal.TestMethodWorker.invokeTestMethods(TestMethodWorker.java:125)
	at org.testng.internal.TestMethodWorker.run(TestMethodWorker.java:109)
	at org.testng.TestRunner.privateRun(TestRunner.java:648)
	at org.testng.TestRunner.run(TestRunner.java:505)
	at org.testng.SuiteRunner.runTest(SuiteRunner.java:455)
	at org.testng.SuiteRunner.runSequentially(SuiteRunner.java:450)
	at org.testng.SuiteRunner.privateRun(SuiteRunner.java:415)
	at org.testng.SuiteRunner.run(SuiteRunner.java:364)
	at org.testng.SuiteRunnerWorker.runSuite(SuiteRunnerWorker.java:52)
	at org.testng.SuiteRunnerWorker.run(SuiteRunnerWorker.java:84)
	at org.testng.TestNG.runSuitesSequentially(TestNG.java:1208)
	at org.testng.TestNG.runSuitesLocally(TestNG.java:1137)
	at org.testng.TestNG.runSuites(TestNG.java:1049)
	at org.testng.TestNG.run(TestNG.java:1017)
	at org.testng.remote.AbstractRemoteTestNG.run(AbstractRemoteTestNG.java:114)
	at org.testng.remote.RemoteTestNG.initAndRun(RemoteTestNG.java:251)
	at org.testng.remote.RemoteTestNG.main(RemoteTestNG.java:77)
</pre></td>
				</tr>
			</tbody>
		</table>
	</div>
							<ul class='screenshots'>
								<li><img data-featherlight='C:\ACME_Eclipse\ACME_2//Test-ScreenShots//08_11_18_13_21_01.png' width='10%' src='C:\ACME_Eclipse\ACME_2//Test-ScreenShots//08_11_18_13_21_01.png' data-src='C:\ACME_Eclipse\ACME_2//Test-ScreenShots//08_11_18_13_21_01.png'></li>
							</ul>
					</div>
				</li>
				
				
				<li class='test displayed active  pass' status='pass' bdd='false' test-id='13'>
					<div class='test-heading'>
						<span class='test-name'>MyAccount_Summary_06</span>
						<span class='test-time'>Nov 8, 2018 01:21:53 PM</span>
						<span class='test-status right pass'>pass</span>
					</div>
					<div class='test-content hide'>
<div class='test-time-info'>
	<span class='label start-time'>Nov 8, 2018 01:21:53 PM</span>
	<span class='label end-time'>Nov 8, 2018 01:23:20 PM</span>
	<span class='label time-taken grey lighten-1 white-text'>0h 1m 26s+338ms</span>
</div>
	<div class='test-desc'>To verify if the Personal information Page UI elements </div>
	<div class='test-steps'>
		<table class='bordered table-results'>
			<thead>
				<tr>
					<th>Status</th>
					<th>Timestamp</th>
					<th>Details</th>
				</tr>
			</thead>
			<tbody>
				<tr class='log' status='pass'>
					<td class='status pass' title='pass' alt='pass'><i class='material-icons'>check_circle</i></td>
					<td class='timestamp'>1:22:08 PM</td>
					<td class='step-details'>SignInRegister_Link clicked</td>
				</tr>
				<tr class='log' status='pass'>
					<td class='status pass' title='pass' alt='pass'><i class='material-icons'>check_circle</i></td>
					<td class='timestamp'>1:22:28 PM</td>
					<td class='step-details'>Login success 
 UserName :acmeautomation1@yopmail.comPassword: P@ssw0rd</td>
				</tr>
				<tr class='log' status='pass'>
					<td class='status pass' title='pass' alt='pass'><i class='material-icons'>check_circle</i></td>
					<td class='timestamp'>1:22:28 PM</td>
					<td class='step-details'>Logged in as registered user</td>
				</tr>
				<tr class='log' status='pass'>
					<td class='status pass' title='pass' alt='pass'><i class='material-icons'>check_circle</i></td>
					<td class='timestamp'>1:23:18 PM</td>
					<td class='step-details'>[[RemoteWebDriver: chrome on XP (d2e94a23ebe66eaed2641aa06c8eb053)] -> xpath: //div[@class='my_account']//h2[contains(text(),'Personal Information')]]is present</td>
				</tr>
				<tr class='log' status='pass'>
					<td class='status pass' title='pass' alt='pass'><i class='material-icons'>check_circle</i></td>
					<td class='timestamp'>1:23:18 PM</td>
					<td class='step-details'>[[RemoteWebDriver: chrome on XP (d2e94a23ebe66eaed2641aa06c8eb053)] -> xpath: //div[@class='my_account']//div[contains(text(),'Welcome Back')]]is present</td>
				</tr>
				<tr class='log' status='pass'>
					<td class='status pass' title='pass' alt='pass'><i class='material-icons'>check_circle</i></td>
					<td class='timestamp'>1:23:18 PM</td>
					<td class='step-details'>[[RemoteWebDriver: chrome on XP (d2e94a23ebe66eaed2641aa06c8eb053)] -> xpath: //div[@class='my_account']//p[contains(text(),'Last logon')]]is present</td>
				</tr>
				<tr class='log' status='pass'>
					<td class='status pass' title='pass' alt='pass'><i class='material-icons'>check_circle</i></td>
					<td class='timestamp'>1:23:18 PM</td>
					<td class='step-details'>[[RemoteWebDriver: chrome on XP (d2e94a23ebe66eaed2641aa06c8eb053)] -> xpath: //div[@class='my_account']//label[contains(text(),'Password')]]is NOT present</td>
				</tr>
				<tr class='log' status='pass'>
					<td class='status pass' title='pass' alt='pass'><i class='material-icons'>check_circle</i></td>
					<td class='timestamp'>1:23:18 PM</td>
					<td class='step-details'>[[RemoteWebDriver: chrome on XP (d2e94a23ebe66eaed2641aa06c8eb053)] -> name: logonPassword_old]is present</td>
				</tr>
				<tr class='log' status='pass'>
					<td class='status pass' title='pass' alt='pass'><i class='material-icons'>check_circle</i></td>
					<td class='timestamp'>1:23:18 PM</td>
					<td class='step-details'>[[RemoteWebDriver: chrome on XP (d2e94a23ebe66eaed2641aa06c8eb053)] -> xpath: //div[@class='my_account']//label[contains(text(),'Verify password')]]is NOT present</td>
				</tr>
				<tr class='log' status='pass'>
					<td class='status pass' title='pass' alt='pass'><i class='material-icons'>check_circle</i></td>
					<td class='timestamp'>1:23:18 PM</td>
					<td class='step-details'>[[RemoteWebDriver: chrome on XP (d2e94a23ebe66eaed2641aa06c8eb053)] -> name: logonPasswordVerify_old]is present</td>
				</tr>
				<tr class='log' status='pass'>
					<td class='status pass' title='pass' alt='pass'><i class='material-icons'>check_circle</i></td>
					<td class='timestamp'>1:23:18 PM</td>
					<td class='step-details'>[[RemoteWebDriver: chrome on XP (d2e94a23ebe66eaed2641aa06c8eb053)] -> xpath: //div[@class='my_account']//label[contains(text(),'First name:')]]is present</td>
				</tr>
				<tr class='log' status='pass'>
					<td class='status pass' title='pass' alt='pass'><i class='material-icons'>check_circle</i></td>
					<td class='timestamp'>1:23:18 PM</td>
					<td class='step-details'>[[RemoteWebDriver: chrome on XP (d2e94a23ebe66eaed2641aa06c8eb053)] -> name: firstName]is present</td>
				</tr>
				<tr class='log' status='pass'>
					<td class='status pass' title='pass' alt='pass'><i class='material-icons'>check_circle</i></td>
					<td class='timestamp'>1:23:18 PM</td>
					<td class='step-details'>[[RemoteWebDriver: chrome on XP (d2e94a23ebe66eaed2641aa06c8eb053)] -> xpath: //div[@class='my_account']//label[contains(text(),'Last name:')]]is present</td>
				</tr>
				<tr class='log' status='pass'>
					<td class='status pass' title='pass' alt='pass'><i class='material-icons'>check_circle</i></td>
					<td class='timestamp'>1:23:18 PM</td>
					<td class='step-details'>[[RemoteWebDriver: chrome on XP (d2e94a23ebe66eaed2641aa06c8eb053)] -> name: lastName]is present</td>
				</tr>
				<tr class='log' status='pass'>
					<td class='status pass' title='pass' alt='pass'><i class='material-icons'>check_circle</i></td>
					<td class='timestamp'>1:23:18 PM</td>
					<td class='step-details'>[[RemoteWebDriver: chrome on XP (d2e94a23ebe66eaed2641aa06c8eb053)] -> xpath: //div[@class='my_account']//div[contains(text(),'Company:')]]is present</td>
				</tr>
				<tr class='log' status='pass'>
					<td class='status pass' title='pass' alt='pass'><i class='material-icons'>check_circle</i></td>
					<td class='timestamp'>1:23:19 PM</td>
					<td class='step-details'>[[RemoteWebDriver: chrome on XP (d2e94a23ebe66eaed2641aa06c8eb053)] -> name: organizationName]is present</td>
				</tr>
				<tr class='log' status='pass'>
					<td class='status pass' title='pass' alt='pass'><i class='material-icons'>check_circle</i></td>
					<td class='timestamp'>1:23:19 PM</td>
					<td class='step-details'>[[RemoteWebDriver: chrome on XP (d2e94a23ebe66eaed2641aa06c8eb053)] -> xpath: //div[@class='my_account']//label[contains(text(),'Street address 1:')]]is present</td>
				</tr>
				<tr class='log' status='pass'>
					<td class='status pass' title='pass' alt='pass'><i class='material-icons'>check_circle</i></td>
					<td class='timestamp'>1:23:19 PM</td>
					<td class='step-details'>[[RemoteWebDriver: chrome on XP (d2e94a23ebe66eaed2641aa06c8eb053)] -> name: address1]is present</td>
				</tr>
				<tr class='log' status='pass'>
					<td class='status pass' title='pass' alt='pass'><i class='material-icons'>check_circle</i></td>
					<td class='timestamp'>1:23:19 PM</td>
					<td class='step-details'>[[RemoteWebDriver: chrome on XP (d2e94a23ebe66eaed2641aa06c8eb053)] -> xpath: //div[@class='my_account']//label[contains(text(),'Street address 2:')]]is present</td>
				</tr>
				<tr class='log' status='pass'>
					<td class='status pass' title='pass' alt='pass'><i class='material-icons'>check_circle</i></td>
					<td class='timestamp'>1:23:19 PM</td>
					<td class='step-details'>[[RemoteWebDriver: chrome on XP (d2e94a23ebe66eaed2641aa06c8eb053)] -> name: address2]is present</td>
				</tr>
				<tr class='log' status='pass'>
					<td class='status pass' title='pass' alt='pass'><i class='material-icons'>check_circle</i></td>
					<td class='timestamp'>1:23:19 PM</td>
					<td class='step-details'>[[RemoteWebDriver: chrome on XP (d2e94a23ebe66eaed2641aa06c8eb053)] -> xpath: //div[@class='my_account']//label[contains(text(),'City')]]is present</td>
				</tr>
				<tr class='log' status='pass'>
					<td class='status pass' title='pass' alt='pass'><i class='material-icons'>check_circle</i></td>
					<td class='timestamp'>1:23:19 PM</td>
					<td class='step-details'>[[RemoteWebDriver: chrome on XP (d2e94a23ebe66eaed2641aa06c8eb053)] -> name: city]is present</td>
				</tr>
				<tr class='log' status='pass'>
					<td class='status pass' title='pass' alt='pass'><i class='material-icons'>check_circle</i></td>
					<td class='timestamp'>1:23:19 PM</td>
					<td class='step-details'>[[RemoteWebDriver: chrome on XP (d2e94a23ebe66eaed2641aa06c8eb053)] -> xpath: //div[@class='my_account']//label[contains(text(),'ZIP code:')]]is present</td>
				</tr>
				<tr class='log' status='pass'>
					<td class='status pass' title='pass' alt='pass'><i class='material-icons'>check_circle</i></td>
					<td class='timestamp'>1:23:19 PM</td>
					<td class='step-details'>[[RemoteWebDriver: chrome on XP (d2e94a23ebe66eaed2641aa06c8eb053)] -> name: zipCode]is present</td>
				</tr>
				<tr class='log' status='pass'>
					<td class='status pass' title='pass' alt='pass'><i class='material-icons'>check_circle</i></td>
					<td class='timestamp'>1:23:19 PM</td>
					<td class='step-details'>[[RemoteWebDriver: chrome on XP (d2e94a23ebe66eaed2641aa06c8eb053)] -> xpath: //div[@class='my_account']//label[contains(text(),'State:')]]is present</td>
				</tr>
				<tr class='log' status='pass'>
					<td class='status pass' title='pass' alt='pass'><i class='material-icons'>check_circle</i></td>
					<td class='timestamp'>1:23:19 PM</td>
					<td class='step-details'>[[RemoteWebDriver: chrome on XP (d2e94a23ebe66eaed2641aa06c8eb053)] -> xpath: //div[@class='my_account']//label[contains(text(),'Email:')]]is present</td>
				</tr>
				<tr class='log' status='pass'>
					<td class='status pass' title='pass' alt='pass'><i class='material-icons'>check_circle</i></td>
					<td class='timestamp'>1:23:19 PM</td>
					<td class='step-details'>[[RemoteWebDriver: chrome on XP (d2e94a23ebe66eaed2641aa06c8eb053)] -> name: email1]is present</td>
				</tr>
				<tr class='log' status='pass'>
					<td class='status pass' title='pass' alt='pass'><i class='material-icons'>check_circle</i></td>
					<td class='timestamp'>1:23:19 PM</td>
					<td class='step-details'>[[RemoteWebDriver: chrome on XP (d2e94a23ebe66eaed2641aa06c8eb053)] -> xpath: //div[@class='my_account']//label[contains(text(),'Verify Email')]]is present</td>
				</tr>
				<tr class='log' status='pass'>
					<td class='status pass' title='pass' alt='pass'><i class='material-icons'>check_circle</i></td>
					<td class='timestamp'>1:23:19 PM</td>
					<td class='step-details'>[[RemoteWebDriver: chrome on XP (d2e94a23ebe66eaed2641aa06c8eb053)] -> name: verifyemail1]is present</td>
				</tr>
				<tr class='log' status='pass'>
					<td class='status pass' title='pass' alt='pass'><i class='material-icons'>check_circle</i></td>
					<td class='timestamp'>1:23:19 PM</td>
					<td class='step-details'>[[RemoteWebDriver: chrome on XP (d2e94a23ebe66eaed2641aa06c8eb053)] -> xpath: //div[@class='my_account']//label[contains(text(),'Phone number:')]]is present</td>
				</tr>
				<tr class='log' status='pass'>
					<td class='status pass' title='pass' alt='pass'><i class='material-icons'>check_circle</i></td>
					<td class='timestamp'>1:23:19 PM</td>
					<td class='step-details'>[[RemoteWebDriver: chrome on XP (d2e94a23ebe66eaed2641aa06c8eb053)] -> name: phone1]is present</td>
				</tr>
				<tr class='log' status='pass'>
					<td class='status pass' title='pass' alt='pass'><i class='material-icons'>check_circle</i></td>
					<td class='timestamp'>1:23:19 PM</td>
					<td class='step-details'>[[RemoteWebDriver: chrome on XP (d2e94a23ebe66eaed2641aa06c8eb053)] -> xpath: //div[@class='my_account']//label[contains(text(),'Occupation:')]]is present</td>
				</tr>
				<tr class='log' status='pass'>
					<td class='status pass' title='pass' alt='pass'><i class='material-icons'>check_circle</i></td>
					<td class='timestamp'>1:23:20 PM</td>
					<td class='step-details'>[[RemoteWebDriver: chrome on XP (d2e94a23ebe66eaed2641aa06c8eb053)] -> xpath: //div[@class='my_account']//label[contains(text(),'Birth Month:')]]is present</td>
				</tr>
				<tr class='log' status='pass'>
					<td class='status pass' title='pass' alt='pass'><i class='material-icons'>check_circle</i></td>
					<td class='timestamp'>1:23:20 PM</td>
					<td class='step-details'>[[RemoteWebDriver: chrome on XP (d2e94a23ebe66eaed2641aa06c8eb053)] -> xpath: //div[@class='my_account']//a[contains(text(),'Privacy Policy')]]is present</td>
				</tr>
				<tr class='log' status='pass'>
					<td class='status pass' title='pass' alt='pass'><i class='material-icons'>check_circle</i></td>
					<td class='timestamp'>1:23:20 PM</td>
					<td class='step-details'>[[RemoteWebDriver: chrome on XP (d2e94a23ebe66eaed2641aa06c8eb053)] -> name: sendMeEmail]is present</td>
				</tr>
				<tr class='log' status='pass'>
					<td class='status pass' title='pass' alt='pass'><i class='material-icons'>check_circle</i></td>
					<td class='timestamp'>1:23:20 PM</td>
					<td class='step-details'>[[RemoteWebDriver: chrome on XP (d2e94a23ebe66eaed2641aa06c8eb053)] -> xpath: //a[contains(text(),'Update')]]is present</td>
				</tr>
				<tr class='log' status='pass'>
					<td class='status pass' title='pass' alt='pass'><i class='material-icons'>check_circle</i></td>
					<td class='timestamp'>1:23:20 PM</td>
					<td class='step-details'>Script Completed</td>
				</tr>
			</tbody>
		</table>
	</div>
					</div>
				</li>
				
				
				<li class='test displayed active  pass' status='pass' bdd='false' test-id='14'>
					<div class='test-heading'>
						<span class='test-name'>MyAccount_Summary_07</span>
						<span class='test-time'>Nov 8, 2018 01:24:19 PM</span>
						<span class='test-status right pass'>pass</span>
					</div>
					<div class='test-content hide'>
<div class='test-time-info'>
	<span class='label start-time'>Nov 8, 2018 01:24:19 PM</span>
	<span class='label end-time'>Nov 8, 2018 01:29:10 PM</span>
	<span class='label time-taken grey lighten-1 white-text'>0h 4m 51s+852ms</span>
</div>
	<div class='test-desc'>To Change the values of the user's personal information and validating those changes </div>
	<div class='test-steps'>
		<table class='bordered table-results'>
			<thead>
				<tr>
					<th>Status</th>
					<th>Timestamp</th>
					<th>Details</th>
				</tr>
			</thead>
			<tbody>
				<tr class='log' status='pass'>
					<td class='status pass' title='pass' alt='pass'><i class='material-icons'>check_circle</i></td>
					<td class='timestamp'>1:24:32 PM</td>
					<td class='step-details'>SignInRegister_Link clicked</td>
				</tr>
				<tr class='log' status='pass'>
					<td class='status pass' title='pass' alt='pass'><i class='material-icons'>check_circle</i></td>
					<td class='timestamp'>1:24:46 PM</td>
					<td class='step-details'>Login success 
 UserName :myacc_pinfoedit@yopmail.comPassword: P@ssw0rd</td>
				</tr>
				<tr class='log' status='pass'>
					<td class='status pass' title='pass' alt='pass'><i class='material-icons'>check_circle</i></td>
					<td class='timestamp'>1:24:46 PM</td>
					<td class='step-details'>Logged in as registered user</td>
				</tr>
				<tr class='log' status='pass'>
					<td class='status pass' title='pass' alt='pass'><i class='material-icons'>check_circle</i></td>
					<td class='timestamp'>1:25:53 PM</td>
					<td class='step-details'>password is edited successfully</td>
				</tr>
				<tr class='log' status='pass'>
					<td class='status pass' title='pass' alt='pass'><i class='material-icons'>check_circle</i></td>
					<td class='timestamp'>1:26:18 PM</td>
					<td class='step-details'>Validation with old password doesn't allow user to edit</td>
				</tr>
				<tr class='log' status='pass'>
					<td class='status pass' title='pass' alt='pass'><i class='material-icons'>check_circle</i></td>
					<td class='timestamp'>1:26:31 PM</td>
					<td class='step-details'>com.aventstack.extentreports.ExtentTest@78c1a023</td>
				</tr>
				<tr class='log' status='pass'>
					<td class='status pass' title='pass' alt='pass'><i class='material-icons'>check_circle</i></td>
					<td class='timestamp'>1:26:31 PM</td>
					<td class='step-details'>Login success 
 with new UserName and passwordmyacc_pinfoedit@yopmail.comQwerty!2345</td>
				</tr>
				<tr class='log' status='pass'>
					<td class='status pass' title='pass' alt='pass'><i class='material-icons'>check_circle</i></td>
					<td class='timestamp'>1:27:33 PM</td>
					<td class='step-details'>com.aventstack.extentreports.ExtentTest@78c1a023</td>
				</tr>
				<tr class='log' status='pass'>
					<td class='status pass' title='pass' alt='pass'><i class='material-icons'>check_circle</i></td>
					<td class='timestamp'>1:27:45 PM</td>
					<td class='step-details'>Update of Personal information is done successfully</td>
				</tr>
				<tr class='log' status='pass'>
					<td class='status pass' title='pass' alt='pass'><i class='material-icons'>check_circle</i></td>
					<td class='timestamp'>1:27:46 PM</td>
					<td class='step-details'>com.aventstack.extentreports.ExtentTest@78c1a023</td>
				</tr>
				<tr class='log' status='pass'>
					<td class='status pass' title='pass' alt='pass'><i class='material-icons'>check_circle</i></td>
					<td class='timestamp'>1:28:54 PM</td>
					<td class='step-details'>firstname is updated successfully</td>
				</tr>
				<tr class='log' status='pass'>
					<td class='status pass' title='pass' alt='pass'><i class='material-icons'>check_circle</i></td>
					<td class='timestamp'>1:28:54 PM</td>
					<td class='step-details'>Last Name is  updated successfully</td>
				</tr>
				<tr class='log' status='pass'>
					<td class='status pass' title='pass' alt='pass'><i class='material-icons'>check_circle</i></td>
					<td class='timestamp'>1:28:54 PM</td>
					<td class='step-details'>Address 1 updated successfully</td>
				</tr>
				<tr class='log' status='pass'>
					<td class='status pass' title='pass' alt='pass'><i class='material-icons'>check_circle</i></td>
					<td class='timestamp'>1:28:54 PM</td>
					<td class='step-details'>City is updated successfully</td>
				</tr>
				<tr class='log' status='pass'>
					<td class='status pass' title='pass' alt='pass'><i class='material-icons'>check_circle</i></td>
					<td class='timestamp'>1:28:54 PM</td>
					<td class='step-details'>Email is updated successfully</td>
				</tr>
				<tr class='log' status='pass'>
					<td class='status pass' title='pass' alt='pass'><i class='material-icons'>check_circle</i></td>
					<td class='timestamp'>1:28:54 PM</td>
					<td class='step-details'>Verify Email is updated successfully</td>
				</tr>
				<tr class='log' status='pass'>
					<td class='status pass' title='pass' alt='pass'><i class='material-icons'>check_circle</i></td>
					<td class='timestamp'>1:28:54 PM</td>
					<td class='step-details'>Company value is updated successfully</td>
				</tr>
				<tr class='log' status='pass'>
					<td class='status pass' title='pass' alt='pass'><i class='material-icons'>check_circle</i></td>
					<td class='timestamp'>1:28:54 PM</td>
					<td class='step-details'>address 2 value is updated successfully</td>
				</tr>
				<tr class='log' status='pass'>
					<td class='status pass' title='pass' alt='pass'><i class='material-icons'>check_circle</i></td>
					<td class='timestamp'>1:28:54 PM</td>
					<td class='step-details'>phone num value is updated successfully</td>
				</tr>
				<tr class='log' status='pass'>
					<td class='status pass' title='pass' alt='pass'><i class='material-icons'>check_circle</i></td>
					<td class='timestamp'>1:28:54 PM</td>
					<td class='step-details'>com.aventstack.extentreports.ExtentTest@78c1a023</td>
				</tr>
				<tr class='log' status='pass'>
					<td class='status pass' title='pass' alt='pass'><i class='material-icons'>check_circle</i></td>
					<td class='timestamp'>1:28:57 PM</td>
					<td class='step-details'>com.aventstack.extentreports.ExtentTest@78c1a023</td>
				</tr>
				<tr class='log' status='pass'>
					<td class='status pass' title='pass' alt='pass'><i class='material-icons'>check_circle</i></td>
					<td class='timestamp'>1:29:10 PM</td>
					<td class='step-details'>Personal Info data got reverted back successfully</td>
				</tr>
				<tr class='log' status='pass'>
					<td class='status pass' title='pass' alt='pass'><i class='material-icons'>check_circle</i></td>
					<td class='timestamp'>1:29:10 PM</td>
					<td class='step-details'>com.aventstack.extentreports.ExtentTest@78c1a023</td>
				</tr>
				<tr class='log' status='pass'>
					<td class='status pass' title='pass' alt='pass'><i class='material-icons'>check_circle</i></td>
					<td class='timestamp'>1:29:10 PM</td>
					<td class='step-details'>Script Completed</td>
				</tr>
			</tbody>
		</table>
	</div>
							<ul class='screenshots'>
								<li><img data-featherlight='C:\ACME_Eclipse\ACME_2//Test-ScreenShots//08_11_18_13_26_30.png' width='10%' src='C:\ACME_Eclipse\ACME_2//Test-ScreenShots//08_11_18_13_26_30.png' data-src='C:\ACME_Eclipse\ACME_2//Test-ScreenShots//08_11_18_13_26_30.png'></li>
								<li><img data-featherlight='C:\ACME_Eclipse\ACME_2//Test-ScreenShots//08_11_18_13_27_33.png' width='10%' src='C:\ACME_Eclipse\ACME_2//Test-ScreenShots//08_11_18_13_27_33.png' data-src='C:\ACME_Eclipse\ACME_2//Test-ScreenShots//08_11_18_13_27_33.png'></li>
								<li><img data-featherlight='C:\ACME_Eclipse\ACME_2//Test-ScreenShots//08_11_18_13_27_45.png' width='10%' src='C:\ACME_Eclipse\ACME_2//Test-ScreenShots//08_11_18_13_27_45.png' data-src='C:\ACME_Eclipse\ACME_2//Test-ScreenShots//08_11_18_13_27_45.png'></li>
								<li><img data-featherlight='C:\ACME_Eclipse\ACME_2//Test-ScreenShots//08_11_18_13_28_54.png' width='10%' src='C:\ACME_Eclipse\ACME_2//Test-ScreenShots//08_11_18_13_28_54.png' data-src='C:\ACME_Eclipse\ACME_2//Test-ScreenShots//08_11_18_13_28_54.png'></li>
								<li><img data-featherlight='C:\ACME_Eclipse\ACME_2//Test-ScreenShots//08_11_18_13_28_57.png' width='10%' src='C:\ACME_Eclipse\ACME_2//Test-ScreenShots//08_11_18_13_28_57.png' data-src='C:\ACME_Eclipse\ACME_2//Test-ScreenShots//08_11_18_13_28_57.png'></li>
								<li><img data-featherlight='C:\ACME_Eclipse\ACME_2//Test-ScreenShots//08_11_18_13_29_10.png' width='10%' src='C:\ACME_Eclipse\ACME_2//Test-ScreenShots//08_11_18_13_29_10.png' data-src='C:\ACME_Eclipse\ACME_2//Test-ScreenShots//08_11_18_13_29_10.png'></li>
							</ul>
					</div>
				</li>
				
				
				<li class='test displayed active  fail' status='fail' bdd='false' test-id='15'>
					<div class='test-heading'>
						<span class='test-name'>MyAccount_Summary_08</span>
						<span class='test-time'>Nov 8, 2018 01:30:04 PM</span>
						<span class='test-status right fail'>fail</span>
					</div>
					<div class='test-content hide'>
<div class='test-time-info'>
	<span class='label start-time'>Nov 8, 2018 01:30:04 PM</span>
	<span class='label end-time'>Nov 8, 2018 01:33:41 PM</span>
	<span class='label time-taken grey lighten-1 white-text'>0h 3m 37s+65ms</span>
</div>
	<div class='test-desc'>To Change the values of the user's Login Details and validating those changes </div>
	<div class='test-steps'>
		<table class='bordered table-results'>
			<thead>
				<tr>
					<th>Status</th>
					<th>Timestamp</th>
					<th>Details</th>
				</tr>
			</thead>
			<tbody>
				<tr class='log' status='pass'>
					<td class='status pass' title='pass' alt='pass'><i class='material-icons'>check_circle</i></td>
					<td class='timestamp'>1:30:49 PM</td>
					<td class='step-details'>SignInRegister_Link clicked</td>
				</tr>
				<tr class='log' status='pass'>
					<td class='status pass' title='pass' alt='pass'><i class='material-icons'>check_circle</i></td>
					<td class='timestamp'>1:31:10 PM</td>
					<td class='step-details'>Login success 
 UserName :myacc_pinfoedit@yopmail.comPassword: P@ssw0rd</td>
				</tr>
				<tr class='log' status='pass'>
					<td class='status pass' title='pass' alt='pass'><i class='material-icons'>check_circle</i></td>
					<td class='timestamp'>1:31:10 PM</td>
					<td class='step-details'>Logged in as registered user</td>
				</tr>
				<tr class='log' status='pass'>
					<td class='status pass' title='pass' alt='pass'><i class='material-icons'>check_circle</i></td>
					<td class='timestamp'>1:32:53 PM</td>
					<td class='step-details'>com.aventstack.extentreports.ExtentTest@2f04105</td>
				</tr>
				<tr class='log' status='pass'>
					<td class='status pass' title='pass' alt='pass'><i class='material-icons'>check_circle</i></td>
					<td class='timestamp'>1:33:06 PM</td>
					<td class='step-details'>Edited with new Email ID in personal information section</td>
				</tr>
				<tr class='log' status='pass'>
					<td class='status pass' title='pass' alt='pass'><i class='material-icons'>check_circle</i></td>
					<td class='timestamp'>1:33:41 PM</td>
					<td class='step-details'>com.aventstack.extentreports.ExtentTest@2f04105</td>
				</tr>
				<tr class='log' status='fail'>
					<td class='status fail' title='fail' alt='fail'><i class='material-icons'>cancel</i></td>
					<td class='timestamp'>1:33:41 PM</td>
					<td class='step-details'><pre>org.openqa.selenium.NoSuchElementException: no such element: Unable to locate element: {"method":"id","selector":"logonErrorMessage"}
  (Session info: chrome=70.0.3538.77)
  (Driver info: chromedriver=2.42.591088 (7b2b2dca23cca0862f674758c9a3933e685c27d5),platform=Windows NT 6.1.7601 SP1 x86_64) (WARNING: The server did not provide any stacktrace information)
Command duration or timeout: 29 milliseconds
For documentation on this error, please visit: http://seleniumhq.org/exceptions/no_such_element.html
Build info: version: '2.53.1', revision: 'a36b8b1cd5757287168e54b817830adce9b0158d', time: '2016-06-30 19:26:09'
System info: host: 'WIN-81NG0PGA72A', ip: '172.17.1.28', os.name: 'Windows 7', os.arch: 'amd64', os.version: '6.1', java.version: '1.8.0_181'
Driver info: org.openqa.selenium.remote.RemoteWebDriver
Capabilities [{mobileEmulationEnabled=false, hasTouchScreen=false, platform=XP, acceptSslCerts=false, goog:chromeOptions={debuggerAddress=localhost:58716}, acceptInsecureCerts=false, webStorageEnabled=true, browserName=chrome, takesScreenshot=true, javascriptEnabled=true, setWindowRect=true, unexpectedAlertBehaviour=, applicationCacheEnabled=false, rotatable=false, networkConnectionEnabled=false, chrome={chromedriverVersion=2.42.591088 (7b2b2dca23cca0862f674758c9a3933e685c27d5), userDataDir=C:\Users\P01242\AppData\Local\Temp\scoped_dir8468_24668}, takesHeapSnapshot=true, pageLoadStrategy=normal, databaseEnabled=false, handlesAlerts=true, version=70.0.3538.77, browserConnectionEnabled=false, nativeEvents=true, webdriver.remote.sessionid=0fac4e9ddb0f595c82a904d284838d8c, locationContextEnabled=true, cssSelectorsEnabled=true}]
Session ID: 0fac4e9ddb0f595c82a904d284838d8c
*** Element info: {Using=id, value=logonErrorMessage}
	at sun.reflect.GeneratedConstructorAccessor32.newInstance(Unknown Source)
	at sun.reflect.DelegatingConstructorAccessorImpl.newInstance(Unknown Source)
	at java.lang.reflect.Constructor.newInstance(Unknown Source)
	at org.openqa.selenium.remote.ErrorHandler.createThrowable(ErrorHandler.java:206)
	at org.openqa.selenium.remote.ErrorHandler.throwIfResponseFailed(ErrorHandler.java:158)
	at org.openqa.selenium.remote.RemoteWebDriver.execute(RemoteWebDriver.java:678)
	at org.openqa.selenium.remote.RemoteWebDriver.findElement(RemoteWebDriver.java:363)
	at org.openqa.selenium.remote.RemoteWebDriver.findElementById(RemoteWebDriver.java:413)
	at org.openqa.selenium.By$ById.findElement(By.java:218)
	at org.openqa.selenium.remote.RemoteWebDriver.findElement(RemoteWebDriver.java:355)
	at org.openqa.selenium.support.pagefactory.DefaultElementLocator.findElement(DefaultElementLocator.java:69)
	at org.openqa.selenium.support.pagefactory.internal.LocatingElementHandler.invoke(LocatingElementHandler.java:38)
	at com.sun.proxy.$Proxy8.getText(Unknown Source)
	at Reusables.RegisterationPageActions.loginwithOldEmail(RegisterationPageActions.java:189)
	at Testcases.MyAccountScripts.personalInformation_editingEmail(MyAccountScripts.java:194)
	at sun.reflect.NativeMethodAccessorImpl.invoke0(Native Method)
	at sun.reflect.NativeMethodAccessorImpl.invoke(Unknown Source)
	at sun.reflect.DelegatingMethodAccessorImpl.invoke(Unknown Source)
	at java.lang.reflect.Method.invoke(Unknown Source)
	at org.testng.internal.MethodInvocationHelper.invokeMethod(MethodInvocationHelper.java:124)
	at org.testng.internal.Invoker.invokeMethod(Invoker.java:580)
	at org.testng.internal.Invoker.invokeTestMethod(Invoker.java:716)
	at org.testng.internal.Invoker.invokeTestMethods(Invoker.java:988)
	at org.testng.internal.TestMethodWorker.invokeTestMethods(TestMethodWorker.java:125)
	at org.testng.internal.TestMethodWorker.run(TestMethodWorker.java:109)
	at org.testng.TestRunner.privateRun(TestRunner.java:648)
	at org.testng.TestRunner.run(TestRunner.java:505)
	at org.testng.SuiteRunner.runTest(SuiteRunner.java:455)
	at org.testng.SuiteRunner.runSequentially(SuiteRunner.java:450)
	at org.testng.SuiteRunner.privateRun(SuiteRunner.java:415)
	at org.testng.SuiteRunner.run(SuiteRunner.java:364)
	at org.testng.SuiteRunnerWorker.runSuite(SuiteRunnerWorker.java:52)
	at org.testng.SuiteRunnerWorker.run(SuiteRunnerWorker.java:84)
	at org.testng.TestNG.runSuitesSequentially(TestNG.java:1208)
	at org.testng.TestNG.runSuitesLocally(TestNG.java:1137)
	at org.testng.TestNG.runSuites(TestNG.java:1049)
	at org.testng.TestNG.run(TestNG.java:1017)
	at org.testng.remote.AbstractRemoteTestNG.run(AbstractRemoteTestNG.java:114)
	at org.testng.remote.RemoteTestNG.initAndRun(RemoteTestNG.java:251)
	at org.testng.remote.RemoteTestNG.main(RemoteTestNG.java:77)
</pre></td>
				</tr>
			</tbody>
		</table>
	</div>
							<ul class='screenshots'>
								<li><img data-featherlight='C:\ACME_Eclipse\ACME_2//Test-ScreenShots//08_11_18_13_32_53.png' width='10%' src='C:\ACME_Eclipse\ACME_2//Test-ScreenShots//08_11_18_13_32_53.png' data-src='C:\ACME_Eclipse\ACME_2//Test-ScreenShots//08_11_18_13_32_53.png'></li>
								<li><img data-featherlight='C:\ACME_Eclipse\ACME_2//Test-ScreenShots//08_11_18_13_33_41.png' width='10%' src='C:\ACME_Eclipse\ACME_2//Test-ScreenShots//08_11_18_13_33_41.png' data-src='C:\ACME_Eclipse\ACME_2//Test-ScreenShots//08_11_18_13_33_41.png'></li>
							</ul>
					</div>
				</li>
				
				
				<li class='test displayed active  pass' status='pass' bdd='false' test-id='16'>
					<div class='test-heading'>
						<span class='test-name'>MyAccount_Summary_03</span>
						<span class='test-time'>Nov 8, 2018 01:35:12 PM</span>
						<span class='test-status right pass'>pass</span>
					</div>
					<div class='test-content hide'>
<div class='test-time-info'>
	<span class='label start-time'>Nov 8, 2018 01:35:12 PM</span>
	<span class='label end-time'>Nov 8, 2018 01:36:23 PM</span>
	<span class='label time-taken grey lighten-1 white-text'>0h 1m 11s+32ms</span>
</div>
	<div class='test-desc'>To verify the recent order History section which does </div>
	<div class='test-steps'>
		<table class='bordered table-results'>
			<thead>
				<tr>
					<th>Status</th>
					<th>Timestamp</th>
					<th>Details</th>
				</tr>
			</thead>
			<tbody>
				<tr class='log' status='pass'>
					<td class='status pass' title='pass' alt='pass'><i class='material-icons'>check_circle</i></td>
					<td class='timestamp'>1:35:45 PM</td>
					<td class='step-details'>SignInRegister_Link clicked</td>
				</tr>
				<tr class='log' status='pass'>
					<td class='status pass' title='pass' alt='pass'><i class='material-icons'>check_circle</i></td>
					<td class='timestamp'>1:36:23 PM</td>
					<td class='step-details'>Login success 
 UserName :acmenoorders@yopmail.comPassword: P@ssw0rd</td>
				</tr>
				<tr class='log' status='pass'>
					<td class='status pass' title='pass' alt='pass'><i class='material-icons'>check_circle</i></td>
					<td class='timestamp'>1:36:23 PM</td>
					<td class='step-details'>Logged in as registered user</td>
				</tr>
				<tr class='log' status='pass'>
					<td class='status pass' title='pass' alt='pass'><i class='material-icons'>check_circle</i></td>
					<td class='timestamp'>1:36:23 PM</td>
					<td class='step-details'>[[RemoteWebDriver: chrome on XP (7b648eb0c5db22d171c52f04a6fbaf26)] -> xpath: //div[@id='ProcessedOrdersStatusDisplay']//td[contains(text(), 'No orders were found' )]]is present</td>
				</tr>
				<tr class='log' status='pass'>
					<td class='status pass' title='pass' alt='pass'><i class='material-icons'>check_circle</i></td>
					<td class='timestamp'>1:36:23 PM</td>
					<td class='step-details'>Script Completed</td>
				</tr>
			</tbody>
		</table>
	</div>
					</div>
				</li>
				
				
				<li class='test displayed active  fail' status='fail' bdd='false' test-id='17'>
					<div class='test-heading'>
						<span class='test-name'>MyAccount_Summary_04</span>
						<span class='test-time'>Nov 8, 2018 01:37:22 PM</span>
						<span class='test-status right fail'>fail</span>
					</div>
					<div class='test-content hide'>
<div class='test-time-info'>
	<span class='label start-time'>Nov 8, 2018 01:37:22 PM</span>
	<span class='label end-time'>Nov 8, 2018 01:38:23 PM</span>
	<span class='label time-taken grey lighten-1 white-text'>0h 1m 0s+786ms</span>
</div>
	<div class='test-desc'>To verify the order details are present in the recent Order History section within the account which has orders </div>
	<div class='test-steps'>
		<table class='bordered table-results'>
			<thead>
				<tr>
					<th>Status</th>
					<th>Timestamp</th>
					<th>Details</th>
				</tr>
			</thead>
			<tbody>
				<tr class='log' status='pass'>
					<td class='status pass' title='pass' alt='pass'><i class='material-icons'>check_circle</i></td>
					<td class='timestamp'>1:38:01 PM</td>
					<td class='step-details'>SignInRegister_Link clicked</td>
				</tr>
				<tr class='log' status='pass'>
					<td class='status pass' title='pass' alt='pass'><i class='material-icons'>check_circle</i></td>
					<td class='timestamp'>1:38:22 PM</td>
					<td class='step-details'>Login success 
 UserName :acmeautomation1@yopmail.comPassword: P@ssw0rd</td>
				</tr>
				<tr class='log' status='pass'>
					<td class='status pass' title='pass' alt='pass'><i class='material-icons'>check_circle</i></td>
					<td class='timestamp'>1:38:22 PM</td>
					<td class='step-details'>Logged in as registered user</td>
				</tr>
				<tr class='log' status='pass'>
					<td class='status pass' title='pass' alt='pass'><i class='material-icons'>check_circle</i></td>
					<td class='timestamp'>1:38:23 PM</td>
					<td class='step-details'>com.aventstack.extentreports.ExtentTest@2eaef76d</td>
				</tr>
				<tr class='log' status='fail'>
					<td class='status fail' title='fail' alt='fail'><i class='material-icons'>cancel</i></td>
					<td class='timestamp'>1:38:23 PM</td>
					<td class='step-details'><pre>org.openqa.selenium.NoSuchElementException: no such element: Unable to locate element: {"method":"xpath","selector":"//tr[@class='ul column_heading']/th[contains(text(),'Order Date')]"}
  (Session info: chrome=70.0.3538.77)
  (Driver info: chromedriver=2.42.591088 (7b2b2dca23cca0862f674758c9a3933e685c27d5),platform=Windows NT 6.1.7601 SP1 x86_64) (WARNING: The server did not provide any stacktrace information)
Command duration or timeout: 27 milliseconds
For documentation on this error, please visit: http://seleniumhq.org/exceptions/no_such_element.html
Build info: version: '2.53.1', revision: 'a36b8b1cd5757287168e54b817830adce9b0158d', time: '2016-06-30 19:26:09'
System info: host: 'WIN-81NG0PGA72A', ip: '172.17.1.28', os.name: 'Windows 7', os.arch: 'amd64', os.version: '6.1', java.version: '1.8.0_181'
Driver info: org.openqa.selenium.remote.RemoteWebDriver
Capabilities [{mobileEmulationEnabled=false, hasTouchScreen=false, platform=XP, acceptSslCerts=false, goog:chromeOptions={debuggerAddress=localhost:59698}, acceptInsecureCerts=false, webStorageEnabled=true, browserName=chrome, takesScreenshot=true, javascriptEnabled=true, setWindowRect=true, unexpectedAlertBehaviour=, applicationCacheEnabled=false, rotatable=false, networkConnectionEnabled=false, chrome={chromedriverVersion=2.42.591088 (7b2b2dca23cca0862f674758c9a3933e685c27d5), userDataDir=C:\Users\P01242\AppData\Local\Temp\scoped_dir1092_19973}, takesHeapSnapshot=true, pageLoadStrategy=normal, databaseEnabled=false, handlesAlerts=true, version=70.0.3538.77, browserConnectionEnabled=false, nativeEvents=true, webdriver.remote.sessionid=dc8c4aff00830c826583ba313736e8e6, locationContextEnabled=true, cssSelectorsEnabled=true}]
Session ID: dc8c4aff00830c826583ba313736e8e6
*** Element info: {Using=xpath, value=//tr[@class='ul column_heading']/th[contains(text(),'Order Date')]}
	at sun.reflect.GeneratedConstructorAccessor32.newInstance(Unknown Source)
	at sun.reflect.DelegatingConstructorAccessorImpl.newInstance(Unknown Source)
	at java.lang.reflect.Constructor.newInstance(Unknown Source)
	at org.openqa.selenium.remote.ErrorHandler.createThrowable(ErrorHandler.java:206)
	at org.openqa.selenium.remote.ErrorHandler.throwIfResponseFailed(ErrorHandler.java:158)
	at org.openqa.selenium.remote.RemoteWebDriver.execute(RemoteWebDriver.java:678)
	at org.openqa.selenium.remote.RemoteWebDriver.findElement(RemoteWebDriver.java:363)
	at org.openqa.selenium.remote.RemoteWebDriver.findElementByXPath(RemoteWebDriver.java:500)
	at org.openqa.selenium.By$ByXPath.findElement(By.java:361)
	at org.openqa.selenium.remote.RemoteWebDriver.findElement(RemoteWebDriver.java:355)
	at org.openqa.selenium.support.pagefactory.DefaultElementLocator.findElement(DefaultElementLocator.java:69)
	at org.openqa.selenium.support.pagefactory.internal.LocatingElementHandler.invoke(LocatingElementHandler.java:38)
	at com.sun.proxy.$Proxy8.isDisplayed(Unknown Source)
	at utilities.BaseTest.ElementPresent(BaseTest.java:213)
	at Testcases.MyAccountScripts.recentOrderHistory_Orders(MyAccountScripts.java:99)
	at sun.reflect.NativeMethodAccessorImpl.invoke0(Native Method)
	at sun.reflect.NativeMethodAccessorImpl.invoke(Unknown Source)
	at sun.reflect.DelegatingMethodAccessorImpl.invoke(Unknown Source)
	at java.lang.reflect.Method.invoke(Unknown Source)
	at org.testng.internal.MethodInvocationHelper.invokeMethod(MethodInvocationHelper.java:124)
	at org.testng.internal.Invoker.invokeMethod(Invoker.java:580)
	at org.testng.internal.Invoker.invokeTestMethod(Invoker.java:716)
	at org.testng.internal.Invoker.invokeTestMethods(Invoker.java:988)
	at org.testng.internal.TestMethodWorker.invokeTestMethods(TestMethodWorker.java:125)
	at org.testng.internal.TestMethodWorker.run(TestMethodWorker.java:109)
	at org.testng.TestRunner.privateRun(TestRunner.java:648)
	at org.testng.TestRunner.run(TestRunner.java:505)
	at org.testng.SuiteRunner.runTest(SuiteRunner.java:455)
	at org.testng.SuiteRunner.runSequentially(SuiteRunner.java:450)
	at org.testng.SuiteRunner.privateRun(SuiteRunner.java:415)
	at org.testng.SuiteRunner.run(SuiteRunner.java:364)
	at org.testng.SuiteRunnerWorker.runSuite(SuiteRunnerWorker.java:52)
	at org.testng.SuiteRunnerWorker.run(SuiteRunnerWorker.java:84)
	at org.testng.TestNG.runSuitesSequentially(TestNG.java:1208)
	at org.testng.TestNG.runSuitesLocally(TestNG.java:1137)
	at org.testng.TestNG.runSuites(TestNG.java:1049)
	at org.testng.TestNG.run(TestNG.java:1017)
	at org.testng.remote.AbstractRemoteTestNG.run(AbstractRemoteTestNG.java:114)
	at org.testng.remote.RemoteTestNG.initAndRun(RemoteTestNG.java:251)
	at org.testng.remote.RemoteTestNG.main(RemoteTestNG.java:77)
</pre></td>
				</tr>
			</tbody>
		</table>
	</div>
							<ul class='screenshots'>
								<li><img data-featherlight='C:\ACME_Eclipse\ACME_2//Test-ScreenShots//08_11_18_13_38_22.png' width='10%' src='C:\ACME_Eclipse\ACME_2//Test-ScreenShots//08_11_18_13_38_22.png' data-src='C:\ACME_Eclipse\ACME_2//Test-ScreenShots//08_11_18_13_38_22.png'></li>
							</ul>
					</div>
				</li>
			</ul>
		</div>
	</div>
	<!-- subview left -->

	<div class='subview-right left'>
		<div class='view-summary'>
			<h5 class='test-name'></h5>

			<div id='step-filters' class="right">
				<span class="blue-text" status="info" alt="info" title="info"><i class="material-icons">info_outline</i></span>
				<span class="green-text" status="pass" alt="pass" title="pass"><i class="material-icons">check_circle</i></span>
				<span class="red-text" status="fail" alt="fail" title="fail"><i class="material-icons">cancel</i></span>
				<span class="red-text text-darken-4" status="fatal" alt="fatal" title="fatal"><i class="material-icons">cancel</i></span>
				<span class="pink-text text-lighten-1" status="error" alt="error" title="error"><i class="material-icons">error</i></span>
				<span class="orange-text" alt="warning" status="warning" title="warning"><i class="material-icons">warning</i></span>
				<span class="teal-text" status="skip" alt="skip" title="skip"><i class="material-icons">redo</i></span>
				<span status="clear" alt="Clear filters" title="Clear filters"><i class="material-icons">clear</i></span>
			</div>
		</div>
	</div>
	<!-- subview right -->


<div id='test-view-charts' class='subview-full'>
	<div id='charts-row' class='row nm-v nm-h'>
		<div class='col s12 m6 l6 np-h'>
			<div class='card-panel nm-v'>
				<div class='left panel-name'>Tests</div>
				<div class='chart-box'>
					<canvas id='parent-analysis' width='100' height='80'></canvas>
				</div>
				<div class='block text-small'>
					<span class='tooltipped' data-position='top' data-tooltip='70.588%'><span class='strong'>12</span> test(s) passed</span>
				</div>
				<div class='block text-small'>
					<span class='strong tooltipped' data-position='top' data-tooltip='29.412%'>5</span> test(s) failed, <span class='strong tooltipped' data-position='top' data-tooltip='0%'>0</span> others
				</div>
			</div>
		</div>
		
		<div class='col s12 m6 l6 np-h'>
			<div class='card-panel nm-v'>
				<div class='left panel-name'>Steps</div>
				<div class='chart-box'>
					<canvas id='child-analysis' width='100' height='80'></canvas>
				</div>
				<div class='block text-small'>
					<span class='tooltipped' data-position='top' data-tooltip='98.214%'><span class='strong'>275</span> step(s) passed</span>
				</div>
				<div class='block text-small'>
					<span class='strong tooltipped' data-position='top' data-tooltip='1.786%'>5</span> step(s) failed, <span class='strong tooltipped' data-position='top' data-tooltip='0%'>0</span> others
				</div>
			</div>
		</div>
		
	</div>
</div>
</div>
<!-- test view -->
<!-- category view -->
<div id='exception-view' class='view hide'>

    <section id='controls'>
        <div class='controls grey lighten-4'>
            <!-- search -->
            <div class='chip transparent' alt='Search Tests' title='Search Tests'>
                <a href="#" class='search-div'>
                    <i class='material-icons'>search</i> Search
                </a>

                <div class='input-field left hide'>
                    <input id='search-tests' type='text' class='validate browser-default' placeholder='Search Tests...'>
                </div>

            </div>
            <!-- search -->
        </div>
    </section>

    <div class='subview-left left'>

        <div class='view-summary'>
            <h5>Exceptions</h3>
                <ul id='exception-collection' class='exception-collection'>

                        <li class='exception displayed active'>
                            <div class='exception-heading'>
                                <span class='exception-name'>java.lang.AssertionError</span>
                                <span class='exception-count right'><span class='label red lighten-1 white-text'>1</span></span>
                            </div>
                            <div class='exception-content hide'>
                                <div class='exception-tests'>
                                    <table class='bordered table-results'>
                                        <thead>
                                        <tr>
                                            <th>Timestamp</th>
                                            <th>TestName</th>
                                            <th>Status</th>
                                        </tr>
                                        </thead>
                                        <tbody>
                                                    <tr>
                                                        <td>Nov 8, 2018 01:00:58 PM</td>
                                                        <td class='linked' test-id='6'>MyAccount_addressBook_11</td>
                                                        <td><pre><pre>java.lang.AssertionError: expected [true] but found [false]
	at org.testng.Assert.fail(Assert.java:96)
	at org.testng.Assert.failNotEquals(Assert.java:776)
	at org.testng.Assert.assertTrue(Assert.java:44)
	at org.testng.Assert.assertTrue(Assert.java:54)
	at Reusables.MyAccAddressBookPageActions.ensureBlankFields_addNewAddress(MyAccAddressBookPageActions.java:120)
	at Testcases.MyAccountScripts.myAcc_ShippingInfo_addNewAddress_emptyField_test(MyAccountScripts.java:245)
	at sun.reflect.NativeMethodAccessorImpl.invoke0(Native Method)
	at sun.reflect.NativeMethodAccessorImpl.invoke(Unknown Source)
	at sun.reflect.DelegatingMethodAccessorImpl.invoke(Unknown Source)
	at java.lang.reflect.Method.invoke(Unknown Source)
	at org.testng.internal.MethodInvocationHelper.invokeMethod(MethodInvocationHelper.java:124)
	at org.testng.internal.Invoker.invokeMethod(Invoker.java:580)
	at org.testng.internal.Invoker.invokeTestMethod(Invoker.java:716)
	at org.testng.internal.Invoker.invokeTestMethods(Invoker.java:988)
	at org.testng.internal.TestMethodWorker.invokeTestMethods(TestMethodWorker.java:125)
	at org.testng.internal.TestMethodWorker.run(TestMethodWorker.java:109)
	at org.testng.TestRunner.privateRun(TestRunner.java:648)
	at org.testng.TestRunner.run(TestRunner.java:505)
	at org.testng.SuiteRunner.runTest(SuiteRunner.java:455)
	at org.testng.SuiteRunner.runSequentially(SuiteRunner.java:450)
	at org.testng.SuiteRunner.privateRun(SuiteRunner.java:415)
	at org.testng.SuiteRunner.run(SuiteRunner.java:364)
	at org.testng.SuiteRunnerWorker.runSuite(SuiteRunnerWorker.java:52)
	at org.testng.SuiteRunnerWorker.run(SuiteRunnerWorker.java:84)
	at org.testng.TestNG.runSuitesSequentially(TestNG.java:1208)
	at org.testng.TestNG.runSuitesLocally(TestNG.java:1137)
	at org.testng.TestNG.runSuites(TestNG.java:1049)
	at org.testng.TestNG.run(TestNG.java:1017)
	at org.testng.remote.AbstractRemoteTestNG.run(AbstractRemoteTestNG.java:114)
	at org.testng.remote.RemoteTestNG.initAndRun(RemoteTestNG.java:251)
	at org.testng.remote.RemoteTestNG.main(RemoteTestNG.java:77)
</pre></pre></td>
                                                    </tr>
                                        </tbody>
                                    </table>
                                </div>
                            </div>
                        </li>
                        <li class='exception displayed active'>
                            <div class='exception-heading'>
                                <span class='exception-name'>org.openqa.selenium.NoSuchElementException</span>
                                <span class='exception-count right'><span class='label red lighten-1 white-text'>4</span></span>
                            </div>
                            <div class='exception-content hide'>
                                <div class='exception-tests'>
                                    <table class='bordered table-results'>
                                        <thead>
                                        <tr>
                                            <th>Timestamp</th>
                                            <th>TestName</th>
                                            <th>Status</th>
                                        </tr>
                                        </thead>
                                        <tbody>
                                                    <tr>
                                                        <td>Nov 8, 2018 01:17:34 PM</td>
                                                        <td class='linked' test-id='11'>MyAccount_creditCard_16</td>
                                                        <td><pre><pre>org.openqa.selenium.NoSuchElementException: no such element: Unable to locate element: {"method":"class name","selector":"myaccount_title"}
  (Session info: chrome=70.0.3538.77)
  (Driver info: chromedriver=2.42.591088 (7b2b2dca23cca0862f674758c9a3933e685c27d5),platform=Windows NT 6.1.7601 SP1 x86_64) (WARNING: The server did not provide any stacktrace information)
Command duration or timeout: 26 milliseconds
For documentation on this error, please visit: http://seleniumhq.org/exceptions/no_such_element.html
Build info: version: '2.53.1', revision: 'a36b8b1cd5757287168e54b817830adce9b0158d', time: '2016-06-30 19:26:09'
System info: host: 'WIN-81NG0PGA72A', ip: '172.17.1.28', os.name: 'Windows 7', os.arch: 'amd64', os.version: '6.1', java.version: '1.8.0_181'
Driver info: org.openqa.selenium.remote.RemoteWebDriver
Capabilities [{mobileEmulationEnabled=false, hasTouchScreen=false, platform=XP, acceptSslCerts=false, goog:chromeOptions={debuggerAddress=localhost:56787}, acceptInsecureCerts=false, webStorageEnabled=true, browserName=chrome, takesScreenshot=true, javascriptEnabled=true, setWindowRect=true, unexpectedAlertBehaviour=, applicationCacheEnabled=false, rotatable=false, networkConnectionEnabled=false, chrome={chromedriverVersion=2.42.591088 (7b2b2dca23cca0862f674758c9a3933e685c27d5), userDataDir=C:\Users\P01242\AppData\Local\Temp\scoped_dir2304_25028}, takesHeapSnapshot=true, pageLoadStrategy=normal, databaseEnabled=false, handlesAlerts=true, version=70.0.3538.77, browserConnectionEnabled=false, nativeEvents=true, webdriver.remote.sessionid=b0434a27127c40fa61433d00a2d897fc, locationContextEnabled=true, cssSelectorsEnabled=true}]
Session ID: b0434a27127c40fa61433d00a2d897fc
*** Element info: {Using=class name, value=myaccount_title}
	at sun.reflect.GeneratedConstructorAccessor32.newInstance(Unknown Source)
	at sun.reflect.DelegatingConstructorAccessorImpl.newInstance(Unknown Source)
	at java.lang.reflect.Constructor.newInstance(Unknown Source)
	at org.openqa.selenium.remote.ErrorHandler.createThrowable(ErrorHandler.java:206)
	at org.openqa.selenium.remote.ErrorHandler.throwIfResponseFailed(ErrorHandler.java:158)
	at org.openqa.selenium.remote.RemoteWebDriver.execute(RemoteWebDriver.java:678)
	at org.openqa.selenium.remote.RemoteWebDriver.findElement(RemoteWebDriver.java:363)
	at org.openqa.selenium.remote.RemoteWebDriver.findElementByClassName(RemoteWebDriver.java:477)
	at org.openqa.selenium.By$ByClassName.findElement(By.java:391)
	at org.openqa.selenium.remote.RemoteWebDriver.findElement(RemoteWebDriver.java:355)
	at org.openqa.selenium.support.pagefactory.DefaultElementLocator.findElement(DefaultElementLocator.java:69)
	at org.openqa.selenium.support.pagefactory.internal.LocatingElementHandler.invoke(LocatingElementHandler.java:38)
	at com.sun.proxy.$Proxy8.isDisplayed(Unknown Source)
	at utilities.BaseTest.ElementPresent(BaseTest.java:213)
	at Testcases.MyAccountScripts.myAcc_creditCard_addNewCreditCardInfo(MyAccountScripts.java:323)
	at sun.reflect.NativeMethodAccessorImpl.invoke0(Native Method)
	at sun.reflect.NativeMethodAccessorImpl.invoke(Unknown Source)
	at sun.reflect.DelegatingMethodAccessorImpl.invoke(Unknown Source)
	at java.lang.reflect.Method.invoke(Unknown Source)
	at org.testng.internal.MethodInvocationHelper.invokeMethod(MethodInvocationHelper.java:124)
	at org.testng.internal.Invoker.invokeMethod(Invoker.java:580)
	at org.testng.internal.Invoker.invokeTestMethod(Invoker.java:716)
	at org.testng.internal.Invoker.invokeTestMethods(Invoker.java:988)
	at org.testng.internal.TestMethodWorker.invokeTestMethods(TestMethodWorker.java:125)
	at org.testng.internal.TestMethodWorker.run(TestMethodWorker.java:109)
	at org.testng.TestRunner.privateRun(TestRunner.java:648)
	at org.testng.TestRunner.run(TestRunner.java:505)
	at org.testng.SuiteRunner.runTest(SuiteRunner.java:455)
	at org.testng.SuiteRunner.runSequentially(SuiteRunner.java:450)
	at org.testng.SuiteRunner.privateRun(SuiteRunner.java:415)
	at org.testng.SuiteRunner.run(SuiteRunner.java:364)
	at org.testng.SuiteRunnerWorker.runSuite(SuiteRunnerWorker.java:52)
	at org.testng.SuiteRunnerWorker.run(SuiteRunnerWorker.java:84)
	at org.testng.TestNG.runSuitesSequentially(TestNG.java:1208)
	at org.testng.TestNG.runSuitesLocally(TestNG.java:1137)
	at org.testng.TestNG.runSuites(TestNG.java:1049)
	at org.testng.TestNG.run(TestNG.java:1017)
	at org.testng.remote.AbstractRemoteTestNG.run(AbstractRemoteTestNG.java:114)
	at org.testng.remote.RemoteTestNG.initAndRun(RemoteTestNG.java:251)
	at org.testng.remote.RemoteTestNG.main(RemoteTestNG.java:77)
</pre></pre></td>
                                                    </tr>
                                                    <tr>
                                                        <td>Nov 8, 2018 01:20:08 PM</td>
                                                        <td class='linked' test-id='12'>MyAccount_Summary_001</td>
                                                        <td><pre><pre>org.openqa.selenium.NoSuchElementException: no such element: Unable to locate element: {"method":"xpath","selector":"span[text()='Personal Information']"}
  (Session info: chrome=70.0.3538.77)
  (Driver info: chromedriver=2.42.591088 (7b2b2dca23cca0862f674758c9a3933e685c27d5),platform=Windows NT 6.1.7601 SP1 x86_64) (WARNING: The server did not provide any stacktrace information)
Command duration or timeout: 23 milliseconds
For documentation on this error, please visit: http://seleniumhq.org/exceptions/no_such_element.html
Build info: version: '2.53.1', revision: 'a36b8b1cd5757287168e54b817830adce9b0158d', time: '2016-06-30 19:26:09'
System info: host: 'WIN-81NG0PGA72A', ip: '172.17.1.28', os.name: 'Windows 7', os.arch: 'amd64', os.version: '6.1', java.version: '1.8.0_181'
Driver info: org.openqa.selenium.remote.RemoteWebDriver
Capabilities [{mobileEmulationEnabled=false, hasTouchScreen=false, platform=XP, acceptSslCerts=false, goog:chromeOptions={debuggerAddress=localhost:57216}, acceptInsecureCerts=false, webStorageEnabled=true, browserName=chrome, takesScreenshot=true, javascriptEnabled=true, setWindowRect=true, unexpectedAlertBehaviour=, applicationCacheEnabled=false, rotatable=false, networkConnectionEnabled=false, chrome={chromedriverVersion=2.42.591088 (7b2b2dca23cca0862f674758c9a3933e685c27d5), userDataDir=C:\Users\P01242\AppData\Local\Temp\scoped_dir8392_14085}, takesHeapSnapshot=true, pageLoadStrategy=normal, databaseEnabled=false, handlesAlerts=true, version=70.0.3538.77, browserConnectionEnabled=false, nativeEvents=true, webdriver.remote.sessionid=0cb18fda61b03f4cef63e8588bb2bd24, locationContextEnabled=true, cssSelectorsEnabled=true}]
Session ID: 0cb18fda61b03f4cef63e8588bb2bd24
*** Element info: {Using=xpath, value=span[text()='Personal Information']}
	at sun.reflect.GeneratedConstructorAccessor32.newInstance(Unknown Source)
	at sun.reflect.DelegatingConstructorAccessorImpl.newInstance(Unknown Source)
	at java.lang.reflect.Constructor.newInstance(Unknown Source)
	at org.openqa.selenium.remote.ErrorHandler.createThrowable(ErrorHandler.java:206)
	at org.openqa.selenium.remote.ErrorHandler.throwIfResponseFailed(ErrorHandler.java:158)
	at org.openqa.selenium.remote.RemoteWebDriver.execute(RemoteWebDriver.java:678)
	at org.openqa.selenium.remote.RemoteWebDriver.findElement(RemoteWebDriver.java:363)
	at org.openqa.selenium.remote.RemoteWebDriver.findElementByXPath(RemoteWebDriver.java:500)
	at org.openqa.selenium.By$ByXPath.findElement(By.java:361)
	at org.openqa.selenium.remote.RemoteWebDriver.findElement(RemoteWebDriver.java:355)
	at org.openqa.selenium.support.pagefactory.DefaultElementLocator.findElement(DefaultElementLocator.java:69)
	at org.openqa.selenium.support.pagefactory.internal.LocatingElementHandler.invoke(LocatingElementHandler.java:38)
	at com.sun.proxy.$Proxy8.isDisplayed(Unknown Source)
	at utilities.BaseTest.ElementPresent(BaseTest.java:213)
	at Testcases.MyAccountScripts.myAccountSummary(MyAccountScripts.java:32)
	at sun.reflect.NativeMethodAccessorImpl.invoke0(Native Method)
	at sun.reflect.NativeMethodAccessorImpl.invoke(Unknown Source)
	at sun.reflect.DelegatingMethodAccessorImpl.invoke(Unknown Source)
	at java.lang.reflect.Method.invoke(Unknown Source)
	at org.testng.internal.MethodInvocationHelper.invokeMethod(MethodInvocationHelper.java:124)
	at org.testng.internal.Invoker.invokeMethod(Invoker.java:580)
	at org.testng.internal.Invoker.invokeTestMethod(Invoker.java:716)
	at org.testng.internal.Invoker.invokeTestMethods(Invoker.java:988)
	at org.testng.internal.TestMethodWorker.invokeTestMethods(TestMethodWorker.java:125)
	at org.testng.internal.TestMethodWorker.run(TestMethodWorker.java:109)
	at org.testng.TestRunner.privateRun(TestRunner.java:648)
	at org.testng.TestRunner.run(TestRunner.java:505)
	at org.testng.SuiteRunner.runTest(SuiteRunner.java:455)
	at org.testng.SuiteRunner.runSequentially(SuiteRunner.java:450)
	at org.testng.SuiteRunner.privateRun(SuiteRunner.java:415)
	at org.testng.SuiteRunner.run(SuiteRunner.java:364)
	at org.testng.SuiteRunnerWorker.runSuite(SuiteRunnerWorker.java:52)
	at org.testng.SuiteRunnerWorker.run(SuiteRunnerWorker.java:84)
	at org.testng.TestNG.runSuitesSequentially(TestNG.java:1208)
	at org.testng.TestNG.runSuitesLocally(TestNG.java:1137)
	at org.testng.TestNG.runSuites(TestNG.java:1049)
	at org.testng.TestNG.run(TestNG.java:1017)
	at org.testng.remote.AbstractRemoteTestNG.run(AbstractRemoteTestNG.java:114)
	at org.testng.remote.RemoteTestNG.initAndRun(RemoteTestNG.java:251)
	at org.testng.remote.RemoteTestNG.main(RemoteTestNG.java:77)
</pre></pre></td>
                                                    </tr>
                                                    <tr>
                                                        <td>Nov 8, 2018 01:30:04 PM</td>
                                                        <td class='linked' test-id='15'>MyAccount_Summary_08</td>
                                                        <td><pre><pre>org.openqa.selenium.NoSuchElementException: no such element: Unable to locate element: {"method":"id","selector":"logonErrorMessage"}
  (Session info: chrome=70.0.3538.77)
  (Driver info: chromedriver=2.42.591088 (7b2b2dca23cca0862f674758c9a3933e685c27d5),platform=Windows NT 6.1.7601 SP1 x86_64) (WARNING: The server did not provide any stacktrace information)
Command duration or timeout: 29 milliseconds
For documentation on this error, please visit: http://seleniumhq.org/exceptions/no_such_element.html
Build info: version: '2.53.1', revision: 'a36b8b1cd5757287168e54b817830adce9b0158d', time: '2016-06-30 19:26:09'
System info: host: 'WIN-81NG0PGA72A', ip: '172.17.1.28', os.name: 'Windows 7', os.arch: 'amd64', os.version: '6.1', java.version: '1.8.0_181'
Driver info: org.openqa.selenium.remote.RemoteWebDriver
Capabilities [{mobileEmulationEnabled=false, hasTouchScreen=false, platform=XP, acceptSslCerts=false, goog:chromeOptions={debuggerAddress=localhost:58716}, acceptInsecureCerts=false, webStorageEnabled=true, browserName=chrome, takesScreenshot=true, javascriptEnabled=true, setWindowRect=true, unexpectedAlertBehaviour=, applicationCacheEnabled=false, rotatable=false, networkConnectionEnabled=false, chrome={chromedriverVersion=2.42.591088 (7b2b2dca23cca0862f674758c9a3933e685c27d5), userDataDir=C:\Users\P01242\AppData\Local\Temp\scoped_dir8468_24668}, takesHeapSnapshot=true, pageLoadStrategy=normal, databaseEnabled=false, handlesAlerts=true, version=70.0.3538.77, browserConnectionEnabled=false, nativeEvents=true, webdriver.remote.sessionid=0fac4e9ddb0f595c82a904d284838d8c, locationContextEnabled=true, cssSelectorsEnabled=true}]
Session ID: 0fac4e9ddb0f595c82a904d284838d8c
*** Element info: {Using=id, value=logonErrorMessage}
	at sun.reflect.GeneratedConstructorAccessor32.newInstance(Unknown Source)
	at sun.reflect.DelegatingConstructorAccessorImpl.newInstance(Unknown Source)
	at java.lang.reflect.Constructor.newInstance(Unknown Source)
	at org.openqa.selenium.remote.ErrorHandler.createThrowable(ErrorHandler.java:206)
	at org.openqa.selenium.remote.ErrorHandler.throwIfResponseFailed(ErrorHandler.java:158)
	at org.openqa.selenium.remote.RemoteWebDriver.execute(RemoteWebDriver.java:678)
	at org.openqa.selenium.remote.RemoteWebDriver.findElement(RemoteWebDriver.java:363)
	at org.openqa.selenium.remote.RemoteWebDriver.findElementById(RemoteWebDriver.java:413)
	at org.openqa.selenium.By$ById.findElement(By.java:218)
	at org.openqa.selenium.remote.RemoteWebDriver.findElement(RemoteWebDriver.java:355)
	at org.openqa.selenium.support.pagefactory.DefaultElementLocator.findElement(DefaultElementLocator.java:69)
	at org.openqa.selenium.support.pagefactory.internal.LocatingElementHandler.invoke(LocatingElementHandler.java:38)
	at com.sun.proxy.$Proxy8.getText(Unknown Source)
	at Reusables.RegisterationPageActions.loginwithOldEmail(RegisterationPageActions.java:189)
	at Testcases.MyAccountScripts.personalInformation_editingEmail(MyAccountScripts.java:194)
	at sun.reflect.NativeMethodAccessorImpl.invoke0(Native Method)
	at sun.reflect.NativeMethodAccessorImpl.invoke(Unknown Source)
	at sun.reflect.DelegatingMethodAccessorImpl.invoke(Unknown Source)
	at java.lang.reflect.Method.invoke(Unknown Source)
	at org.testng.internal.MethodInvocationHelper.invokeMethod(MethodInvocationHelper.java:124)
	at org.testng.internal.Invoker.invokeMethod(Invoker.java:580)
	at org.testng.internal.Invoker.invokeTestMethod(Invoker.java:716)
	at org.testng.internal.Invoker.invokeTestMethods(Invoker.java:988)
	at org.testng.internal.TestMethodWorker.invokeTestMethods(TestMethodWorker.java:125)
	at org.testng.internal.TestMethodWorker.run(TestMethodWorker.java:109)
	at org.testng.TestRunner.privateRun(TestRunner.java:648)
	at org.testng.TestRunner.run(TestRunner.java:505)
	at org.testng.SuiteRunner.runTest(SuiteRunner.java:455)
	at org.testng.SuiteRunner.runSequentially(SuiteRunner.java:450)
	at org.testng.SuiteRunner.privateRun(SuiteRunner.java:415)
	at org.testng.SuiteRunner.run(SuiteRunner.java:364)
	at org.testng.SuiteRunnerWorker.runSuite(SuiteRunnerWorker.java:52)
	at org.testng.SuiteRunnerWorker.run(SuiteRunnerWorker.java:84)
	at org.testng.TestNG.runSuitesSequentially(TestNG.java:1208)
	at org.testng.TestNG.runSuitesLocally(TestNG.java:1137)
	at org.testng.TestNG.runSuites(TestNG.java:1049)
	at org.testng.TestNG.run(TestNG.java:1017)
	at org.testng.remote.AbstractRemoteTestNG.run(AbstractRemoteTestNG.java:114)
	at org.testng.remote.RemoteTestNG.initAndRun(RemoteTestNG.java:251)
	at org.testng.remote.RemoteTestNG.main(RemoteTestNG.java:77)
</pre></pre></td>
                                                    </tr>
                                                    <tr>
                                                        <td>Nov 8, 2018 01:37:22 PM</td>
                                                        <td class='linked' test-id='17'>MyAccount_Summary_04</td>
                                                        <td><pre><pre>org.openqa.selenium.NoSuchElementException: no such element: Unable to locate element: {"method":"xpath","selector":"//tr[@class='ul column_heading']/th[contains(text(),'Order Date')]"}
  (Session info: chrome=70.0.3538.77)
  (Driver info: chromedriver=2.42.591088 (7b2b2dca23cca0862f674758c9a3933e685c27d5),platform=Windows NT 6.1.7601 SP1 x86_64) (WARNING: The server did not provide any stacktrace information)
Command duration or timeout: 27 milliseconds
For documentation on this error, please visit: http://seleniumhq.org/exceptions/no_such_element.html
Build info: version: '2.53.1', revision: 'a36b8b1cd5757287168e54b817830adce9b0158d', time: '2016-06-30 19:26:09'
System info: host: 'WIN-81NG0PGA72A', ip: '172.17.1.28', os.name: 'Windows 7', os.arch: 'amd64', os.version: '6.1', java.version: '1.8.0_181'
Driver info: org.openqa.selenium.remote.RemoteWebDriver
Capabilities [{mobileEmulationEnabled=false, hasTouchScreen=false, platform=XP, acceptSslCerts=false, goog:chromeOptions={debuggerAddress=localhost:59698}, acceptInsecureCerts=false, webStorageEnabled=true, browserName=chrome, takesScreenshot=true, javascriptEnabled=true, setWindowRect=true, unexpectedAlertBehaviour=, applicationCacheEnabled=false, rotatable=false, networkConnectionEnabled=false, chrome={chromedriverVersion=2.42.591088 (7b2b2dca23cca0862f674758c9a3933e685c27d5), userDataDir=C:\Users\P01242\AppData\Local\Temp\scoped_dir1092_19973}, takesHeapSnapshot=true, pageLoadStrategy=normal, databaseEnabled=false, handlesAlerts=true, version=70.0.3538.77, browserConnectionEnabled=false, nativeEvents=true, webdriver.remote.sessionid=dc8c4aff00830c826583ba313736e8e6, locationContextEnabled=true, cssSelectorsEnabled=true}]
Session ID: dc8c4aff00830c826583ba313736e8e6
*** Element info: {Using=xpath, value=//tr[@class='ul column_heading']/th[contains(text(),'Order Date')]}
	at sun.reflect.GeneratedConstructorAccessor32.newInstance(Unknown Source)
	at sun.reflect.DelegatingConstructorAccessorImpl.newInstance(Unknown Source)
	at java.lang.reflect.Constructor.newInstance(Unknown Source)
	at org.openqa.selenium.remote.ErrorHandler.createThrowable(ErrorHandler.java:206)
	at org.openqa.selenium.remote.ErrorHandler.throwIfResponseFailed(ErrorHandler.java:158)
	at org.openqa.selenium.remote.RemoteWebDriver.execute(RemoteWebDriver.java:678)
	at org.openqa.selenium.remote.RemoteWebDriver.findElement(RemoteWebDriver.java:363)
	at org.openqa.selenium.remote.RemoteWebDriver.findElementByXPath(RemoteWebDriver.java:500)
	at org.openqa.selenium.By$ByXPath.findElement(By.java:361)
	at org.openqa.selenium.remote.RemoteWebDriver.findElement(RemoteWebDriver.java:355)
	at org.openqa.selenium.support.pagefactory.DefaultElementLocator.findElement(DefaultElementLocator.java:69)
	at org.openqa.selenium.support.pagefactory.internal.LocatingElementHandler.invoke(LocatingElementHandler.java:38)
	at com.sun.proxy.$Proxy8.isDisplayed(Unknown Source)
	at utilities.BaseTest.ElementPresent(BaseTest.java:213)
	at Testcases.MyAccountScripts.recentOrderHistory_Orders(MyAccountScripts.java:99)
	at sun.reflect.NativeMethodAccessorImpl.invoke0(Native Method)
	at sun.reflect.NativeMethodAccessorImpl.invoke(Unknown Source)
	at sun.reflect.DelegatingMethodAccessorImpl.invoke(Unknown Source)
	at java.lang.reflect.Method.invoke(Unknown Source)
	at org.testng.internal.MethodInvocationHelper.invokeMethod(MethodInvocationHelper.java:124)
	at org.testng.internal.Invoker.invokeMethod(Invoker.java:580)
	at org.testng.internal.Invoker.invokeTestMethod(Invoker.java:716)
	at org.testng.internal.Invoker.invokeTestMethods(Invoker.java:988)
	at org.testng.internal.TestMethodWorker.invokeTestMethods(TestMethodWorker.java:125)
	at org.testng.internal.TestMethodWorker.run(TestMethodWorker.java:109)
	at org.testng.TestRunner.privateRun(TestRunner.java:648)
	at org.testng.TestRunner.run(TestRunner.java:505)
	at org.testng.SuiteRunner.runTest(SuiteRunner.java:455)
	at org.testng.SuiteRunner.runSequentially(SuiteRunner.java:450)
	at org.testng.SuiteRunner.privateRun(SuiteRunner.java:415)
	at org.testng.SuiteRunner.run(SuiteRunner.java:364)
	at org.testng.SuiteRunnerWorker.runSuite(SuiteRunnerWorker.java:52)
	at org.testng.SuiteRunnerWorker.run(SuiteRunnerWorker.java:84)
	at org.testng.TestNG.runSuitesSequentially(TestNG.java:1208)
	at org.testng.TestNG.runSuitesLocally(TestNG.java:1137)
	at org.testng.TestNG.runSuites(TestNG.java:1049)
	at org.testng.TestNG.run(TestNG.java:1017)
	at org.testng.remote.AbstractRemoteTestNG.run(AbstractRemoteTestNG.java:114)
	at org.testng.remote.RemoteTestNG.initAndRun(RemoteTestNG.java:251)
	at org.testng.remote.RemoteTestNG.main(RemoteTestNG.java:77)
</pre></pre></td>
                                                    </tr>
                                        </tbody>
                                    </table>
                                </div>
                            </div>
                        </li>
                </ul>
        </div>
    </div>

    <div class='subview-right left'>
        <div class='view-summary'>
            <h5 class='exception-name'></h5>
        </div>
    </div>
</div>
<!-- exception view -->
<div id='dashboard-view' class='view hide'>
	<div class='card-panel transparent np-v'>
		<h5>Dashboard</h5>

		<div class='row'>
			<div class='col s2'>
				<div class='card-panel r'>
					Tests
					<div class='panel-lead'>17</div>
				</div>
			</div>
			<div class='col s2'>
				<div class='card-panel r'>
					Steps
					<div class='panel-lead'>280</div>
				</div>
			</div>
			<div class='col s2'>
				<div class='card-panel r'>
					Start
					<div class='panel-lead'>Nov 8, 2018 12:48:57 PM</div>
				</div>
			</div>
			<div class='col s2'>
				<div class='card-panel r'>
			 		End
			 		<div class='panel-lead'>Nov 8, 2018 01:38:23 PM</div>
				</div>
			</div>
			<div class='col s2'>
				<div class='card-panel r'>
					Time Taken
					<div class='panel-lead'>0h 49m 26s+49ms</div>
				</div>
			</div>
		</div>
	</div>
</div>
<!-- dashboard view -->
<!-- testrunner-logs view -->
		</div>
		<!-- container -->

		<script>
			var statusGroup = {
				passParent: 12,
				failParent: 5,
				fatalParent: 0,
				errorParent: 0,
				warningParent: 0,
				skipParent: 0,
				exceptionsParent: 5,
				
				passChild: 275,
				failChild: 5,
				fatalChild: 0,
				errorChild: 0,
				warningChild: 0,
				skipChild: 0,
				infoChild: 0,
				exceptionsChild: 5,
				
				passGrandChild: 0,
				failGrandChild: 0,
				fatalGrandChild: 0,
				errorGrandChild: 0,
				warningGrandChild: 0,
				skipGrandChild: 0,
				infoGrandChild: 0,
				exceptionsGrandChild: 0,
			};
		</script>
		
			<script src='https://cdn.rawgit.com/anshooarora/extentreports-java/fca20fb7653aade98810546ab96a2a4360e3e712/dist/js/extent.js' type='text/javascript'></script>
		
		
 		<script type='text/javascript'>
 		</script>
	</body>
	
</html>
